#
# There is insufficient memory for the Java Runtime Environment to continue.
# Native memory allocation (malloc) failed to allocate 32744 bytes. Error detail: Chunk::new
# Possible reasons:
#   The system is out of physical RAM or swap space
#   This process is running with CompressedOops enabled, and the Java Heap may be blocking the growth of the native heap
# Possible solutions:
#   Reduce memory load on the system
#   Increase physical memory or swap space
#   Check if swap backing store is full
#   Decrease Java heap size (-Xmx/-Xms)
#   Decrease number of Java threads
#   Decrease Java thread stack sizes (-Xss)
#   Set larger code cache with -XX:ReservedCodeCacheSize=
#   JVM is running with Unscaled Compressed Oops mode in which the Java heap is
#     placed in the first 4GB address space. The Java Heap base address is the
#     maximum limit for the native heap growth. Please use -XX:HeapBaseMinAddress
#     to set the Java Heap base and to place the Java Heap above 4GB virtual address.
# This output file may be truncated or incomplete.
#
#  Out of Memory Error (arena.cpp:168), pid=13848, tid=8220
#
# JRE version: OpenJDK Runtime Environment Temurin-21.0.7+6 (21.0.7+6) (build 21.0.7+6-LTS)
# Java VM: OpenJDK 64-Bit Server VM Temurin-21.0.7+6 (21.0.7+6-LTS, mixed mode, sharing, tiered, compressed oops, compressed class ptrs, parallel gc, windows-amd64)
# No core dump will be written. Minidumps are not enabled by default on client versions of Windows
#

---------------  S U M M A R Y ------------

Command Line: --add-modules=ALL-SYSTEM --add-opens=java.base/java.util=ALL-UNNAMED --add-opens=java.base/java.lang=ALL-UNNAMED --add-opens=java.base/sun.nio.fs=ALL-UNNAMED -Declipse.application=org.eclipse.jdt.ls.core.id1 -Dosgi.bundles.defaultStartLevel=4 -Declipse.product=org.eclipse.jdt.ls.core.product -Djava.import.generatesMetadataFilesAtProjectRoot=false -DDetectVMInstallationsJob.disabled=true -Dfile.encoding=eucjp -XX:+UseParallelGC -XX:GCTimeRatio=4 -XX:AdaptiveSizePolicyWeight=90 -Dsun.zip.disableMemoryMapping=true -Xmx1G -Xms100m -Xlog:disable -javaagent:c:\Users\1009120\.vscode\extensions\redhat.java-1.42.0-win32-x64\lombok\lombok-1.18.36.jar c:\Users\1009120\.vscode\extensions\redhat.java-1.42.0-win32-x64\server\plugins\org.eclipse.equinox.launcher_1.7.0.v20250424-1814.jar -configuration c:\Users\1009120\AppData\Roaming\Code\User\globalStorage\redhat.java\1.42.0\config_ss_win -data c:\Users\1009120\AppData\Roaming\Code\User\workspaceStorage\840727110d61c81bbd5af45acf1c68f6\redhat.java\ss_ws --pipe=\\.\pipe\lsp-fd57ecd1ca29f4e03000d16133063bb1-sock

Host: Intel(R) Core(TM) i3-8100 CPU @ 3.60GHz, 4 cores, 15G,  Windows 11 , 64 bit Build 26100 (10.0.26100.3912)
Time: Thu Jun  5 15:58:43 2025  Windows 11 , 64 bit Build 26100 (10.0.26100.3912) elapsed time: 8.559400 seconds (0d 0h 0m 8s)

---------------  T H R E A D  ---------------

Current thread (0x0000023c850a30c0):  JavaThread "C2 CompilerThread1" daemon [_thread_in_native, id=8220, stack(0x0000004197500000,0x0000004197600000) (1024K)]


Current CompileTask:
C2:8559 2723       4       org.lombokweb.asm.ClassReader::readMethod (1070 bytes)

Stack: [0x0000004197500000,0x0000004197600000]
Native frames: (J=compiled Java code, j=interpreted, Vv=VM code, C=native code)
V  [jvm.dll+0x6ce119]
V  [jvm.dll+0x8a84a1]
V  [jvm.dll+0x8aa9ce]
V  [jvm.dll+0x8ab0b3]
V  [jvm.dll+0x27f8a6]
V  [jvm.dll+0xc507d]
V  [jvm.dll+0xc55b3]
V  [jvm.dll+0x14503e]
V  [jvm.dll+0x144012]
V  [jvm.dll+0x6d363c]
V  [jvm.dll+0x247ebd]
V  [jvm.dll+0x2470cf]
V  [jvm.dll+0x1c760e]
V  [jvm.dll+0x25695a]
V  [jvm.dll+0x254efa]
V  [jvm.dll+0x3f03f6]
V  [jvm.dll+0x851f6b]
V  [jvm.dll+0x6cc7dd]
C  [ucrtbase.dll+0x37b0]
C  [KERNEL32.DLL+0x2e8d7]
C  [ntdll.dll+0x9c5dc]


---------------  P R O C E S S  ---------------

Threads class SMR info:
_java_thread_list=0x0000023c858cfc90, length=23, elements={
0x0000023ca2d92640, 0x0000023cb96f7170, 0x0000023cb96f8ed0, 0x0000023cb9700090,
0x0000023cb9700be0, 0x0000023cb9703640, 0x0000023cb97050a0, 0x0000023cb9705ed0,
0x0000023cb976e6b0, 0x0000023ca53f0e70, 0x0000023c843288f0, 0x0000023c84a2f600,
0x0000023c848b88d0, 0x0000023c848baf40, 0x0000023c849110b0, 0x0000023c8493a0c0,
0x0000023c84db67c0, 0x0000023c849b9a20, 0x0000023c849bad00, 0x0000023c84e26930,
0x0000023c850a30c0, 0x0000023c84e27ce0, 0x0000023c84e28370
}

Java Threads: ( => current thread )
  0x0000023ca2d92640 JavaThread "main"                              [_thread_blocked, id=23704, stack(0x0000004195b00000,0x0000004195c00000) (1024K)]
  0x0000023cb96f7170 JavaThread "Reference Handler"          daemon [_thread_blocked, id=26600, stack(0x0000004195f00000,0x0000004196000000) (1024K)]
  0x0000023cb96f8ed0 JavaThread "Finalizer"                  daemon [_thread_blocked, id=31532, stack(0x0000004196000000,0x0000004196100000) (1024K)]
  0x0000023cb9700090 JavaThread "Signal Dispatcher"          daemon [_thread_blocked, id=30156, stack(0x0000004196100000,0x0000004196200000) (1024K)]
  0x0000023cb9700be0 JavaThread "Attach Listener"            daemon [_thread_blocked, id=13888, stack(0x0000004196200000,0x0000004196300000) (1024K)]
  0x0000023cb9703640 JavaThread "Service Thread"             daemon [_thread_blocked, id=5956, stack(0x0000004196300000,0x0000004196400000) (1024K)]
  0x0000023cb97050a0 JavaThread "Monitor Deflation Thread"   daemon [_thread_blocked, id=10296, stack(0x0000004196400000,0x0000004196500000) (1024K)]
  0x0000023cb9705ed0 JavaThread "C2 CompilerThread0"         daemon [_thread_blocked, id=21964, stack(0x0000004196500000,0x0000004196600000) (1024K)]
  0x0000023cb976e6b0 JavaThread "C1 CompilerThread0"         daemon [_thread_blocked, id=27204, stack(0x0000004196600000,0x0000004196700000) (1024K)]
  0x0000023ca53f0e70 JavaThread "Common-Cleaner"             daemon [_thread_blocked, id=16588, stack(0x0000004196700000,0x0000004196800000) (1024K)]
  0x0000023c843288f0 JavaThread "Notification Thread"        daemon [_thread_blocked, id=18916, stack(0x0000004196800000,0x0000004196900000) (1024K)]
  0x0000023c84a2f600 JavaThread "Active Thread: Equinox Container: eb84603d-65b7-43fa-9bbc-81bc3480c38b"        [_thread_blocked, id=23628, stack(0x0000004196d00000,0x0000004196e00000) (1024K)]
  0x0000023c848b88d0 JavaThread "Framework Event Dispatcher: Equinox Container: eb84603d-65b7-43fa-9bbc-81bc3480c38b" daemon [_thread_blocked, id=26088, stack(0x0000004196e00000,0x0000004196f00000) (1024K)]
  0x0000023c848baf40 JavaThread "Start Level: Equinox Container: eb84603d-65b7-43fa-9bbc-81bc3480c38b" daemon [_thread_in_vm, id=28492, stack(0x0000004196f00000,0x0000004197000000) (1024K)]
  0x0000023c849110b0 JavaThread "SCR Component Actor"        daemon [_thread_blocked, id=30580, stack(0x0000004197000000,0x0000004197100000) (1024K)]
  0x0000023c8493a0c0 JavaThread "SCR Component Registry"     daemon [_thread_blocked, id=20248, stack(0x0000004196900000,0x0000004196a00000) (1024K)]
  0x0000023c84db67c0 JavaThread "Worker-JM"                         [_thread_blocked, id=27412, stack(0x0000004197200000,0x0000004197300000) (1024K)]
  0x0000023c849b9a20 JavaThread "JNA Cleaner"                daemon [_thread_blocked, id=9736, stack(0x0000004197100000,0x0000004197200000) (1024K)]
  0x0000023c849bad00 JavaThread "Worker-0"                          [_thread_blocked, id=16468, stack(0x0000004197300000,0x0000004197400000) (1024K)]
  0x0000023c84e26930 JavaThread "Worker-1"                          [_thread_blocked, id=2408, stack(0x0000004197400000,0x0000004197500000) (1024K)]
=>0x0000023c850a30c0 JavaThread "C2 CompilerThread1"         daemon [_thread_in_native, id=8220, stack(0x0000004197500000,0x0000004197600000) (1024K)]
  0x0000023c84e27ce0 JavaThread "Java indexing"              daemon [_thread_blocked, id=16012, stack(0x0000004197600000,0x0000004197700000) (1024K)]
  0x0000023c84e28370 JavaThread "Worker-2"                          [_thread_blocked, id=1436, stack(0x0000004197700000,0x0000004197800000) (1024K)]
Total: 23

Other Threads:
  0x0000023cb96f06d0 VMThread "VM Thread"                           [id=21688, stack(0x0000004195e00000,0x0000004195f00000) (1024K)]
  0x0000023cb968ca10 WatcherThread "VM Periodic Task Thread"        [id=2068, stack(0x0000004195d00000,0x0000004195e00000) (1024K)]
  0x0000023ca53e4d60 WorkerThread "GC Thread#0"                     [id=14508, stack(0x0000004195c00000,0x0000004195d00000) (1024K)]
  0x0000023c847819a0 WorkerThread "GC Thread#1"                     [id=12972, stack(0x0000004196a00000,0x0000004196b00000) (1024K)]
  0x0000023c843a72a0 WorkerThread "GC Thread#2"                     [id=10232, stack(0x0000004196b00000,0x0000004196c00000) (1024K)]
  0x0000023c847c7050 WorkerThread "GC Thread#3"                     [id=6644, stack(0x0000004196c00000,0x0000004196d00000) (1024K)]
Total: 6

Threads with active compile tasks:
C2 CompilerThread1  8930 2723       4       org.lombokweb.asm.ClassReader::readMethod (1070 bytes)
Total: 1

VM state: not at safepoint (normal execution)

VM Mutex/Monitor currently owned by a thread: None

Heap address: 0x00000000c0000000, size: 1024 MB, Compressed Oops mode: 32-bit

CDS archive(s) mapped at: [0x0000023cba000000-0x0000023cbaba0000-0x0000023cbaba0000), size 12189696, SharedBaseAddress: 0x0000023cba000000, ArchiveRelocationMode: 1.
Compressed class space mapped at: 0x0000023cbb000000-0x0000023cfb000000, reserved size: 1073741824
Narrow klass base: 0x0000023cba000000, Narrow klass shift: 0, Narrow klass range: 0x100000000

GC Precious Log:
 CardTable entry size: 512
 CPUs: 4 total, 4 available
 Memory: 16160M
 Large Page Support: Disabled
 NUMA Support: Disabled
 Compressed Oops: Enabled (32-bit)
 Alignments: Space 512K, Generation 512K, Heap 2M
 Heap Min Capacity: 100M
 Heap Initial Capacity: 100M
 Heap Max Capacity: 1G
 Pre-touch: Disabled
 Parallel Workers: 4

Heap:
 PSYoungGen      total 27136K, used 3746K [0x00000000eab00000, 0x00000000eca00000, 0x0000000100000000)
  eden space 24576K, 4% used [0x00000000eab00000,0x00000000eac2a5e0,0x00000000ec300000)
  from space 2560K, 99% used [0x00000000ec400000,0x00000000ec67e610,0x00000000ec680000)
  to   space 3584K, 0% used [0x00000000ec680000,0x00000000ec680000,0x00000000eca00000)
 ParOldGen       total 68608K, used 8756K [0x00000000c0000000, 0x00000000c4300000, 0x00000000eab00000)
  object space 68608K, 12% used [0x00000000c0000000,0x00000000c088d390,0x00000000c4300000)
 Metaspace       used 23015K, committed 23744K, reserved 1114112K
  class space    used 2170K, committed 2496K, reserved 1048576K

Card table byte_map: [0x0000023ca4d20000,0x0000023ca4f30000] _byte_map_base: 0x0000023ca4720000

Marking Bits: (ParMarkBitMap*) 0x00007ffa6f0b31f0
 Begin Bits: [0x0000023cb7570000, 0x0000023cb8570000)
 End Bits:   [0x0000023cb8570000, 0x0000023cb9570000)

Polling page: 0x0000023ca2c40000

Metaspace:

Usage:
  Non-class:     20.36 MB used.
      Class:      2.12 MB used.
       Both:     22.48 MB used.

Virtual space:
  Non-class space:       64.00 MB reserved,      20.75 MB ( 32%) committed,  1 nodes.
      Class space:        1.00 GB reserved,       2.44 MB ( <1%) committed,  1 nodes.
             Both:        1.06 GB reserved,      23.19 MB (  2%) committed. 

Chunk freelists:
   Non-Class:  11.29 MB
       Class:  13.58 MB
        Both:  24.86 MB

MaxMetaspaceSize: unlimited
CompressedClassSpaceSize: 1.00 GB
Initial GC threshold: 21.00 MB
Current GC threshold: 35.00 MB
CDS: on
 - commit_granule_bytes: 65536.
 - commit_granule_words: 8192.
 - virtual_space_node_default_size: 8388608.
 - enlarge_chunks_in_place: 1.
 - use_allocation_guard: 0.


Internal statistics:

num_allocs_failed_limit: 3.
num_arena_births: 534.
num_arena_deaths: 14.
num_vsnodes_births: 2.
num_vsnodes_deaths: 0.
num_space_committed: 371.
num_space_uncommitted: 0.
num_chunks_returned_to_freelist: 17.
num_chunks_taken_from_freelist: 1388.
num_chunk_merges: 8.
num_chunk_splits: 925.
num_chunks_enlarged: 599.
num_inconsistent_stats: 0.

CodeHeap 'non-profiled nmethods': size=120000Kb used=1327Kb max_used=1327Kb free=118672Kb
 bounds [0x0000023cb0040000, 0x0000023cb02b0000, 0x0000023cb7570000]
CodeHeap 'profiled nmethods': size=120000Kb used=5733Kb max_used=5733Kb free=114266Kb
 bounds [0x0000023ca8570000, 0x0000023ca8b10000, 0x0000023cafaa0000]
CodeHeap 'non-nmethods': size=5760Kb used=1377Kb max_used=1396Kb free=4382Kb
 bounds [0x0000023cafaa0000, 0x0000023cafd10000, 0x0000023cb0040000]
 total_blobs=3505 nmethods=2894 adapters=515
 compilation: enabled
              stopped_count=0, restarted_count=0
 full_count=0

Compilation events (20 events):
Event: 4.816 Thread 0x0000023cb976e6b0 2880       3       org.eclipse.osgi.container.ModuleRevision::getModuleCapabilities (9 bytes)
Event: 4.817 Thread 0x0000023cb976e6b0 nmethod 2880 0x0000023ca8b05190 code [0x0000023ca8b05360, 0x0000023ca8b05768]
Event: 4.829 Thread 0x0000023cb9705ed0 nmethod 2865 0x0000023cb0183b90 code [0x0000023cb0183ea0, 0x0000023cb0185cc8]
Event: 4.829 Thread 0x0000023cb9705ed0 2861   !   4       java.util.concurrent.ConcurrentHashMap::putVal (432 bytes)
Event: 6.545 Thread 0x0000023cb976e6b0 2882       3       java.util.HashSet::isEmpty (8 bytes)
Event: 6.545 Thread 0x0000023cb976e6b0 nmethod 2882 0x0000023ca8b05910 code [0x0000023ca8b05ac0, 0x0000023ca8b05d08]
Event: 6.545 Thread 0x0000023cb976e6b0 2883       1       org.eclipse.core.internal.jobs.InternalJob::previous (5 bytes)
Event: 6.546 Thread 0x0000023cb976e6b0 nmethod 2883 0x0000023cb0186c10 code [0x0000023cb0186da0, 0x0000023cb0186e68]
Event: 6.546 Thread 0x0000023cb976e6b0 2884   !   3       java.lang.ref.ReferenceQueue::remove (61 bytes)
Event: 6.546 Thread 0x0000023cb976e6b0 nmethod 2884 0x0000023ca8b05e10 code [0x0000023ca8b060a0, 0x0000023ca8b06c28]
Event: 6.546 Thread 0x0000023cb976e6b0 2885       3       java.lang.ref.ReferenceQueue::remove0 (64 bytes)
Event: 6.547 Thread 0x0000023cb976e6b0 nmethod 2885 0x0000023ca8b07010 code [0x0000023ca8b07220, 0x0000023ca8b076a0]
Event: 6.547 Thread 0x0000023cb976e6b0 2886       1       java.util.concurrent.atomic.AtomicReference::set (6 bytes)
Event: 6.547 Thread 0x0000023cb976e6b0 nmethod 2886 0x0000023cb0186f10 code [0x0000023cb01870a0, 0x0000023cb0187188]
Event: 6.547 Thread 0x0000023cb976e6b0 2887       3       java.util.Collection::stream (11 bytes)
Event: 6.547 Thread 0x0000023cb976e6b0 nmethod 2887 0x0000023ca8b07810 code [0x0000023ca8b079c0, 0x0000023ca8b07bc0]
Event: 6.548 Thread 0x0000023cb976e6b0 2889       3       jdk.internal.org.objectweb.asm.FieldVisitor::<init> (78 bytes)
Event: 6.548 Thread 0x0000023cb976e6b0 nmethod 2889 0x0000023ca8b07c90 code [0x0000023ca8b07ec0, 0x0000023ca8b08618]
Event: 6.548 Thread 0x0000023cb976e6b0 2890       3       jdk.internal.org.objectweb.asm.Type::getSort (19 bytes)
Event: 6.548 Thread 0x0000023cb976e6b0 nmethod 2890 0x0000023ca8b08910 code [0x0000023ca8b08aa0, 0x0000023ca8b08bf0]

GC Heap History (16 events):
Event: 1.246 GC heap before
{Heap before GC invocations=1 (full 0):
 PSYoungGen      total 29696K, used 25600K [0x00000000eab00000, 0x00000000ecc00000, 0x0000000100000000)
  eden space 25600K, 100% used [0x00000000eab00000,0x00000000ec400000,0x00000000ec400000)
  from space 4096K, 0% used [0x00000000ec800000,0x00000000ec800000,0x00000000ecc00000)
  to   space 4096K, 0% used [0x00000000ec400000,0x00000000ec400000,0x00000000ec800000)
 ParOldGen       total 68608K, used 0K [0x00000000c0000000, 0x00000000c4300000, 0x00000000eab00000)
  object space 68608K, 0% used [0x00000000c0000000,0x00000000c0000000,0x00000000c4300000)
 Metaspace       used 4377K, committed 4608K, reserved 1114112K
  class space    used 464K, committed 576K, reserved 1048576K
}
Event: 1.261 GC heap after
{Heap after GC invocations=1 (full 0):
 PSYoungGen      total 29696K, used 3387K [0x00000000eab00000, 0x00000000ecc00000, 0x0000000100000000)
  eden space 25600K, 0% used [0x00000000eab00000,0x00000000eab00000,0x00000000ec400000)
  from space 4096K, 82% used [0x00000000ec400000,0x00000000ec74ee80,0x00000000ec800000)
  to   space 4096K, 0% used [0x00000000ec800000,0x00000000ec800000,0x00000000ecc00000)
 ParOldGen       total 68608K, used 0K [0x00000000c0000000, 0x00000000c4300000, 0x00000000eab00000)
  object space 68608K, 0% used [0x00000000c0000000,0x00000000c0000000,0x00000000c4300000)
 Metaspace       used 4377K, committed 4608K, reserved 1114112K
  class space    used 464K, committed 576K, reserved 1048576K
}
Event: 2.154 GC heap before
{Heap before GC invocations=2 (full 0):
 PSYoungGen      total 29696K, used 28987K [0x00000000eab00000, 0x00000000ecc00000, 0x0000000100000000)
  eden space 25600K, 100% used [0x00000000eab00000,0x00000000ec400000,0x00000000ec400000)
  from space 4096K, 82% used [0x00000000ec400000,0x00000000ec74ee80,0x00000000ec800000)
  to   space 4096K, 0% used [0x00000000ec800000,0x00000000ec800000,0x00000000ecc00000)
 ParOldGen       total 68608K, used 0K [0x00000000c0000000, 0x00000000c4300000, 0x00000000eab00000)
  object space 68608K, 0% used [0x00000000c0000000,0x00000000c0000000,0x00000000c4300000)
 Metaspace       used 8296K, committed 8640K, reserved 1114112K
  class space    used 850K, committed 1024K, reserved 1048576K
}
Event: 2.158 GC heap after
{Heap after GC invocations=2 (full 0):
 PSYoungGen      total 29696K, used 4073K [0x00000000eab00000, 0x00000000ecc00000, 0x0000000100000000)
  eden space 25600K, 0% used [0x00000000eab00000,0x00000000eab00000,0x00000000ec400000)
  from space 4096K, 99% used [0x00000000ec800000,0x00000000ecbfa7f8,0x00000000ecc00000)
  to   space 4096K, 0% used [0x00000000ec400000,0x00000000ec400000,0x00000000ec800000)
 ParOldGen       total 68608K, used 991K [0x00000000c0000000, 0x00000000c4300000, 0x00000000eab00000)
  object space 68608K, 1% used [0x00000000c0000000,0x00000000c00f7ea8,0x00000000c4300000)
 Metaspace       used 8296K, committed 8640K, reserved 1114112K
  class space    used 850K, committed 1024K, reserved 1048576K
}
Event: 3.148 GC heap before
{Heap before GC invocations=3 (full 0):
 PSYoungGen      total 29696K, used 29673K [0x00000000eab00000, 0x00000000ecc00000, 0x0000000100000000)
  eden space 25600K, 100% used [0x00000000eab00000,0x00000000ec400000,0x00000000ec400000)
  from space 4096K, 99% used [0x00000000ec800000,0x00000000ecbfa7f8,0x00000000ecc00000)
  to   space 4096K, 0% used [0x00000000ec400000,0x00000000ec400000,0x00000000ec800000)
 ParOldGen       total 68608K, used 991K [0x00000000c0000000, 0x00000000c4300000, 0x00000000eab00000)
  object space 68608K, 1% used [0x00000000c0000000,0x00000000c00f7ea8,0x00000000c4300000)
 Metaspace       used 13091K, committed 13504K, reserved 1114112K
  class space    used 1335K, committed 1536K, reserved 1048576K
}
Event: 3.155 GC heap after
{Heap after GC invocations=3 (full 0):
 PSYoungGen      total 29696K, used 4080K [0x00000000eab00000, 0x00000000ecc00000, 0x0000000100000000)
  eden space 25600K, 0% used [0x00000000eab00000,0x00000000eab00000,0x00000000ec400000)
  from space 4096K, 99% used [0x00000000ec400000,0x00000000ec7fc220,0x00000000ec800000)
  to   space 4096K, 0% used [0x00000000ec800000,0x00000000ec800000,0x00000000ecc00000)
 ParOldGen       total 68608K, used 3014K [0x00000000c0000000, 0x00000000c4300000, 0x00000000eab00000)
  object space 68608K, 4% used [0x00000000c0000000,0x00000000c02f1928,0x00000000c4300000)
 Metaspace       used 13091K, committed 13504K, reserved 1114112K
  class space    used 1335K, committed 1536K, reserved 1048576K
}
Event: 4.132 GC heap before
{Heap before GC invocations=4 (full 0):
 PSYoungGen      total 29696K, used 29473K [0x00000000eab00000, 0x00000000ecc00000, 0x0000000100000000)
  eden space 25600K, 99% used [0x00000000eab00000,0x00000000ec3cc318,0x00000000ec400000)
  from space 4096K, 99% used [0x00000000ec400000,0x00000000ec7fc220,0x00000000ec800000)
  to   space 4096K, 0% used [0x00000000ec800000,0x00000000ec800000,0x00000000ecc00000)
 ParOldGen       total 68608K, used 3014K [0x00000000c0000000, 0x00000000c4300000, 0x00000000eab00000)
  object space 68608K, 4% used [0x00000000c0000000,0x00000000c02f1928,0x00000000c4300000)
 Metaspace       used 17223K, committed 17856K, reserved 1114112K
  class space    used 1753K, committed 2048K, reserved 1048576K
}
Event: 4.137 GC heap after
{Heap after GC invocations=4 (full 0):
 PSYoungGen      total 29696K, used 4084K [0x00000000eab00000, 0x00000000ecc00000, 0x0000000100000000)
  eden space 25600K, 0% used [0x00000000eab00000,0x00000000eab00000,0x00000000ec400000)
  from space 4096K, 99% used [0x00000000ec800000,0x00000000ecbfd160,0x00000000ecc00000)
  to   space 4096K, 0% used [0x00000000ec400000,0x00000000ec400000,0x00000000ec800000)
 ParOldGen       total 68608K, used 4444K [0x00000000c0000000, 0x00000000c4300000, 0x00000000eab00000)
  object space 68608K, 6% used [0x00000000c0000000,0x00000000c04572b8,0x00000000c4300000)
 Metaspace       used 17223K, committed 17856K, reserved 1114112K
  class space    used 1753K, committed 2048K, reserved 1048576K
}
Event: 4.402 GC heap before
{Heap before GC invocations=5 (full 0):
 PSYoungGen      total 29696K, used 29684K [0x00000000eab00000, 0x00000000ecc00000, 0x0000000100000000)
  eden space 25600K, 100% used [0x00000000eab00000,0x00000000ec400000,0x00000000ec400000)
  from space 4096K, 99% used [0x00000000ec800000,0x00000000ecbfd160,0x00000000ecc00000)
  to   space 4096K, 0% used [0x00000000ec400000,0x00000000ec400000,0x00000000ec800000)
 ParOldGen       total 68608K, used 4444K [0x00000000c0000000, 0x00000000c4300000, 0x00000000eab00000)
  object space 68608K, 6% used [0x00000000c0000000,0x00000000c04572b8,0x00000000c4300000)
 Metaspace       used 20430K, committed 21120K, reserved 1114112K
  class space    used 1974K, committed 2304K, reserved 1048576K
}
Event: 4.405 GC heap after
{Heap after GC invocations=5 (full 0):
 PSYoungGen      total 29184K, used 4068K [0x00000000eab00000, 0x00000000ecd80000, 0x0000000100000000)
  eden space 25088K, 0% used [0x00000000eab00000,0x00000000eab00000,0x00000000ec380000)
  from space 4096K, 99% used [0x00000000ec400000,0x00000000ec7f9150,0x00000000ec800000)
  to   space 5120K, 0% used [0x00000000ec880000,0x00000000ec880000,0x00000000ecd80000)
 ParOldGen       total 68608K, used 4642K [0x00000000c0000000, 0x00000000c4300000, 0x00000000eab00000)
  object space 68608K, 6% used [0x00000000c0000000,0x00000000c0488ad0,0x00000000c4300000)
 Metaspace       used 20430K, committed 21120K, reserved 1114112K
  class space    used 1974K, committed 2304K, reserved 1048576K
}
Event: 4.436 GC heap before
{Heap before GC invocations=6 (full 0):
 PSYoungGen      total 29184K, used 9548K [0x00000000eab00000, 0x00000000ecd80000, 0x0000000100000000)
  eden space 25088K, 21% used [0x00000000eab00000,0x00000000eb059eb0,0x00000000ec380000)
  from space 4096K, 99% used [0x00000000ec400000,0x00000000ec7f9150,0x00000000ec800000)
  to   space 5120K, 0% used [0x00000000ec880000,0x00000000ec880000,0x00000000ecd80000)
 ParOldGen       total 68608K, used 4642K [0x00000000c0000000, 0x00000000c4300000, 0x00000000eab00000)
  object space 68608K, 6% used [0x00000000c0000000,0x00000000c0488ad0,0x00000000c4300000)
 Metaspace       used 20855K, committed 21504K, reserved 1114112K
  class space    used 2006K, committed 2304K, reserved 1048576K
}
Event: 4.439 GC heap after
{Heap after GC invocations=6 (full 0):
 PSYoungGen      total 29696K, used 4406K [0x00000000eab00000, 0x00000000ecd00000, 0x0000000100000000)
  eden space 25088K, 0% used [0x00000000eab00000,0x00000000eab00000,0x00000000ec380000)
  from space 4608K, 95% used [0x00000000ec880000,0x00000000ecccdac0,0x00000000ecd00000)
  to   space 4608K, 0% used [0x00000000ec400000,0x00000000ec400000,0x00000000ec880000)
 ParOldGen       total 68608K, used 4642K [0x00000000c0000000, 0x00000000c4300000, 0x00000000eab00000)
  object space 68608K, 6% used [0x00000000c0000000,0x00000000c0488ad0,0x00000000c4300000)
 Metaspace       used 20855K, committed 21504K, reserved 1114112K
  class space    used 2006K, committed 2304K, reserved 1048576K
}
Event: 4.439 GC heap before
{Heap before GC invocations=7 (full 1):
 PSYoungGen      total 29696K, used 4406K [0x00000000eab00000, 0x00000000ecd00000, 0x0000000100000000)
  eden space 25088K, 0% used [0x00000000eab00000,0x00000000eab00000,0x00000000ec380000)
  from space 4608K, 95% used [0x00000000ec880000,0x00000000ecccdac0,0x00000000ecd00000)
  to   space 4608K, 0% used [0x00000000ec400000,0x00000000ec400000,0x00000000ec880000)
 ParOldGen       total 68608K, used 4642K [0x00000000c0000000, 0x00000000c4300000, 0x00000000eab00000)
  object space 68608K, 6% used [0x00000000c0000000,0x00000000c0488ad0,0x00000000c4300000)
 Metaspace       used 20855K, committed 21504K, reserved 1114112K
  class space    used 2006K, committed 2304K, reserved 1048576K
}
Event: 4.460 GC heap after
{Heap after GC invocations=7 (full 1):
 PSYoungGen      total 29696K, used 0K [0x00000000eab00000, 0x00000000ecd00000, 0x0000000100000000)
  eden space 25088K, 0% used [0x00000000eab00000,0x00000000eab00000,0x00000000ec380000)
  from space 4608K, 0% used [0x00000000ec880000,0x00000000ec880000,0x00000000ecd00000)
  to   space 4608K, 0% used [0x00000000ec400000,0x00000000ec400000,0x00000000ec880000)
 ParOldGen       total 68608K, used 8748K [0x00000000c0000000, 0x00000000c4300000, 0x00000000eab00000)
  object space 68608K, 12% used [0x00000000c0000000,0x00000000c088b390,0x00000000c4300000)
 Metaspace       used 20842K, committed 21504K, reserved 1114112K
  class space    used 2003K, committed 2304K, reserved 1048576K
}
Event: 6.544 GC heap before
{Heap before GC invocations=8 (full 1):
 PSYoungGen      total 29696K, used 25088K [0x00000000eab00000, 0x00000000ecd00000, 0x0000000100000000)
  eden space 25088K, 100% used [0x00000000eab00000,0x00000000ec380000,0x00000000ec380000)
  from space 4608K, 0% used [0x00000000ec880000,0x00000000ec880000,0x00000000ecd00000)
  to   space 4608K, 0% used [0x00000000ec400000,0x00000000ec400000,0x00000000ec880000)
 ParOldGen       total 68608K, used 8748K [0x00000000c0000000, 0x00000000c4300000, 0x00000000eab00000)
  object space 68608K, 12% used [0x00000000c0000000,0x00000000c088b390,0x00000000c4300000)
 Metaspace       used 22978K, committed 23616K, reserved 1114112K
  class space    used 2164K, committed 2432K, reserved 1048576K
}
Event: 6.545 GC heap after
{Heap after GC invocations=8 (full 1):
 PSYoungGen      total 27136K, used 2553K [0x00000000eab00000, 0x00000000eca00000, 0x0000000100000000)
  eden space 24576K, 0% used [0x00000000eab00000,0x00000000eab00000,0x00000000ec300000)
  from space 2560K, 99% used [0x00000000ec400000,0x00000000ec67e610,0x00000000ec680000)
  to   space 3584K, 0% used [0x00000000ec680000,0x00000000ec680000,0x00000000eca00000)
 ParOldGen       total 68608K, used 8756K [0x00000000c0000000, 0x00000000c4300000, 0x00000000eab00000)
  object space 68608K, 12% used [0x00000000c0000000,0x00000000c088d390,0x00000000c4300000)
 Metaspace       used 22978K, committed 23616K, reserved 1114112K
  class space    used 2164K, committed 2432K, reserved 1048576K
}

Dll operation events (10 events):
Event: 0.012 Loaded shared library c:\Users\1009120\.vscode\extensions\redhat.java-1.42.0-win32-x64\jre\21.0.7-win32-x86_64\bin\java.dll
Event: 0.042 Loaded shared library c:\Users\1009120\.vscode\extensions\redhat.java-1.42.0-win32-x64\jre\21.0.7-win32-x86_64\bin\zip.dll
Event: 0.147 Loaded shared library C:\Users\1009120\.vscode\extensions\redhat.java-1.42.0-win32-x64\jre\21.0.7-win32-x86_64\bin\instrument.dll
Event: 0.152 Loaded shared library C:\Users\1009120\.vscode\extensions\redhat.java-1.42.0-win32-x64\jre\21.0.7-win32-x86_64\bin\net.dll
Event: 0.156 Loaded shared library C:\Users\1009120\.vscode\extensions\redhat.java-1.42.0-win32-x64\jre\21.0.7-win32-x86_64\bin\nio.dll
Event: 0.159 Loaded shared library C:\Users\1009120\.vscode\extensions\redhat.java-1.42.0-win32-x64\jre\21.0.7-win32-x86_64\bin\zip.dll
Event: 0.176 Loaded shared library C:\Users\1009120\.vscode\extensions\redhat.java-1.42.0-win32-x64\jre\21.0.7-win32-x86_64\bin\jimage.dll
Event: 0.261 Loaded shared library c:\Users\1009120\.vscode\extensions\redhat.java-1.42.0-win32-x64\jre\21.0.7-win32-x86_64\bin\verify.dll
Event: 2.100 Loaded shared library C:\Users\1009120\AppData\Roaming\Code\User\globalStorage\redhat.java\1.42.0\config_ss_win\org.eclipse.equinox.launcher\org.eclipse.equinox.launcher.win32.win32.x86_64_1.2.1300.v20250331-1702\eclipse_11911.dll
Event: 3.901 Loaded shared library C:\Users\1009120\AppData\Local\Temp\jna-1958282439\jna1170421026968850008.dll

Deoptimization events (20 events):
Event: 4.772 Thread 0x0000023c848baf40 DEOPT PACKING pc=0x0000023ca8a0baa6 sp=0x0000004196ff8f40
Event: 4.772 Thread 0x0000023c848baf40 DEOPT UNPACKING pc=0x0000023cafaf4242 sp=0x0000004196ff8438 mode 0
Event: 4.773 Thread 0x0000023c848baf40 DEOPT PACKING pc=0x0000023ca8a0baa6 sp=0x0000004196ff8e80
Event: 4.773 Thread 0x0000023c848baf40 DEOPT UNPACKING pc=0x0000023cafaf4242 sp=0x0000004196ff8378 mode 0
Event: 4.773 Thread 0x0000023c848baf40 DEOPT PACKING pc=0x0000023ca8a0baa6 sp=0x0000004196ff8e80
Event: 4.773 Thread 0x0000023c848baf40 DEOPT UNPACKING pc=0x0000023cafaf4242 sp=0x0000004196ff8378 mode 0
Event: 4.773 Thread 0x0000023c848baf40 DEOPT PACKING pc=0x0000023ca8a0baa6 sp=0x0000004196ff8e80
Event: 4.773 Thread 0x0000023c848baf40 DEOPT UNPACKING pc=0x0000023cafaf4242 sp=0x0000004196ff8378 mode 0
Event: 4.775 Thread 0x0000023c848baf40 DEOPT PACKING pc=0x0000023ca8a0baa6 sp=0x0000004196ff8f40
Event: 4.775 Thread 0x0000023c848baf40 DEOPT UNPACKING pc=0x0000023cafaf4242 sp=0x0000004196ff8438 mode 0
Event: 4.777 Thread 0x0000023c848baf40 DEOPT PACKING pc=0x0000023ca8a0baa6 sp=0x0000004196ff8f40
Event: 4.777 Thread 0x0000023c848baf40 DEOPT UNPACKING pc=0x0000023cafaf4242 sp=0x0000004196ff8438 mode 0
Event: 4.777 Thread 0x0000023c848baf40 DEOPT PACKING pc=0x0000023ca8a0baa6 sp=0x0000004196ff8f40
Event: 4.777 Thread 0x0000023c848baf40 DEOPT UNPACKING pc=0x0000023cafaf4242 sp=0x0000004196ff8438 mode 0
Event: 4.778 Thread 0x0000023c848baf40 DEOPT PACKING pc=0x0000023ca8a0baa6 sp=0x0000004196ff8f40
Event: 4.778 Thread 0x0000023c848baf40 DEOPT UNPACKING pc=0x0000023cafaf4242 sp=0x0000004196ff8438 mode 0
Event: 4.779 Thread 0x0000023c848baf40 DEOPT PACKING pc=0x0000023ca8a0baa6 sp=0x0000004196ff8f40
Event: 4.779 Thread 0x0000023c848baf40 DEOPT UNPACKING pc=0x0000023cafaf4242 sp=0x0000004196ff8438 mode 0
Event: 4.779 Thread 0x0000023c848baf40 DEOPT PACKING pc=0x0000023ca8a0baa6 sp=0x0000004196ff8f40
Event: 4.779 Thread 0x0000023c848baf40 DEOPT UNPACKING pc=0x0000023cafaf4242 sp=0x0000004196ff8438 mode 0

Classes loaded (20 events):
Event: 4.771 Loading class com/sun/org/apache/xerces/internal/impl/msg/XMLSerializerMessages_ja
Event: 4.771 Loading class com/sun/org/apache/xerces/internal/impl/msg/XMLSerializerMessages_ja done
Event: 4.771 Loading class com/sun/org/apache/xerces/internal/impl/msg/XMLSerializerMessages_ja
Event: 4.771 Loading class com/sun/org/apache/xerces/internal/impl/msg/XMLSerializerMessages_ja done
Event: 4.772 Loading class com/sun/org/apache/xerces/internal/impl/msg/XMLSerializerMessages_ja_JP
Event: 4.772 Loading class com/sun/org/apache/xerces/internal/impl/msg/XMLSerializerMessages_ja_JP done
Event: 4.772 Loading class com/sun/org/apache/xerces/internal/impl/msg/XMLSerializerMessages_ja_JP
Event: 4.772 Loading class com/sun/org/apache/xerces/internal/impl/msg/XMLSerializerMessages_ja_JP done
Event: 4.772 Loading class com/sun/org/apache/xerces/internal/impl/msg/XMLMessages
Event: 4.772 Loading class com/sun/org/apache/xerces/internal/impl/msg/XMLMessages done
Event: 4.772 Loading class com/sun/org/apache/xerces/internal/impl/msg/XMLMessages
Event: 4.772 Loading class com/sun/org/apache/xerces/internal/impl/msg/XMLMessages done
Event: 4.774 Loading class com/sun/org/apache/xerces/internal/impl/msg/XMLMessages_ja
Event: 4.774 Loading class com/sun/org/apache/xerces/internal/impl/msg/XMLMessages_ja done
Event: 4.774 Loading class com/sun/org/apache/xerces/internal/impl/msg/XMLMessages_ja
Event: 4.774 Loading class com/sun/org/apache/xerces/internal/impl/msg/XMLMessages_ja done
Event: 4.780 Loading class com/sun/org/apache/xerces/internal/impl/msg/XMLMessages_ja_JP
Event: 4.780 Loading class com/sun/org/apache/xerces/internal/impl/msg/XMLMessages_ja_JP done
Event: 4.780 Loading class com/sun/org/apache/xerces/internal/impl/msg/XMLMessages_ja_JP
Event: 4.780 Loading class com/sun/org/apache/xerces/internal/impl/msg/XMLMessages_ja_JP done

Classes unloaded (7 events):
Event: 4.443 Thread 0x0000023cb96f06d0 Unloading class 0x0000023cbb18c400 'java/lang/invoke/LambdaForm$MH+0x0000023cbb18c400'
Event: 4.443 Thread 0x0000023cb96f06d0 Unloading class 0x0000023cbb18c000 'java/lang/invoke/LambdaForm$MH+0x0000023cbb18c000'
Event: 4.443 Thread 0x0000023cb96f06d0 Unloading class 0x0000023cbb18bc00 'java/lang/invoke/LambdaForm$MH+0x0000023cbb18bc00'
Event: 4.443 Thread 0x0000023cb96f06d0 Unloading class 0x0000023cbb18b800 'java/lang/invoke/LambdaForm$MH+0x0000023cbb18b800'
Event: 4.443 Thread 0x0000023cb96f06d0 Unloading class 0x0000023cbb18b400 'java/lang/invoke/LambdaForm$BMH+0x0000023cbb18b400'
Event: 4.443 Thread 0x0000023cb96f06d0 Unloading class 0x0000023cbb18b000 'java/lang/invoke/LambdaForm$DMH+0x0000023cbb18b000'
Event: 4.443 Thread 0x0000023cb96f06d0 Unloading class 0x0000023cbb18a000 'java/lang/invoke/LambdaForm$DMH+0x0000023cbb18a000'

Classes redefined (0 events):
No events

Internal exceptions (20 events):
Event: 3.921 Thread 0x0000023c848baf40 Exception <a 'java/lang/NoSuchMethodError'{0x00000000eb9d1430}: 'int java.lang.invoke.Invokers$Holder.invokeExact_MT(java.lang.Object, java.lang.Object, java.lang.Object)'> (0x00000000eb9d1430) 
thrown [s\src\hotspot\share\interpreter\linkResolver.cpp, line 773]
Event: 3.969 Thread 0x0000023c848baf40 Exception <a 'java/lang/NoSuchMethodError'{0x00000000ebae0c00}: 'void java.lang.invoke.Invokers$Holder.invokeExact_MT(java.lang.Object, java.lang.Object, int, java.lang.Object)'> (0x00000000ebae0c00) 
thrown [s\src\hotspot\share\interpreter\linkResolver.cpp, line 773]
Event: 3.992 Thread 0x0000023c848baf40 Exception <a 'java/lang/NoSuchMethodError'{0x00000000ebbd9a98}: 'java.lang.Object java.lang.invoke.DirectMethodHandle$Holder.invokeSpecial(java.lang.Object, java.lang.Object, java.lang.Object, long, java.lang.Object)'> (0x00000000ebbd9a98) 
thrown [s\src\hotspot\share\interpreter\linkResolver.cpp, line 773]
Event: 3.993 Thread 0x0000023c848baf40 Exception <a 'java/lang/NoSuchMethodError'{0x00000000ebbe1228}: 'java.lang.Object java.lang.invoke.DirectMethodHandle$Holder.newInvokeSpecial(java.lang.Object, java.lang.Object, java.lang.Object, long)'> (0x00000000ebbe1228) 
thrown [s\src\hotspot\share\interpreter\linkResolver.cpp, line 773]
Event: 3.993 Thread 0x0000023c848baf40 Exception <a 'java/lang/NoSuchMethodError'{0x00000000ebbe4ea8}: 'java.lang.Object java.lang.invoke.Invokers$Holder.linkToTargetMethod(java.lang.Object, java.lang.Object, long, java.lang.Object)'> (0x00000000ebbe4ea8) 
thrown [s\src\hotspot\share\interpreter\linkResolver.cpp, line 773]
Event: 3.999 Thread 0x0000023c848baf40 Exception <a 'java/lang/NoSuchMethodError'{0x00000000ebc3ca38}: 'int java.lang.invoke.DirectMethodHandle$Holder.invokeStaticInit(java.lang.Object, java.lang.Object, java.lang.Object)'> (0x00000000ebc3ca38) 
thrown [s\src\hotspot\share\interpreter\linkResolver.cpp, line 773]
Event: 4.016 Thread 0x0000023c848baf40 Exception <a 'java/lang/IncompatibleClassChangeError'{0x00000000ebcd84d8}: Found class java.lang.Object, but interface was expected> (0x00000000ebcd84d8) 
thrown [s\src\hotspot\share\interpreter\linkResolver.cpp, line 840]
Event: 4.022 Thread 0x0000023c848baf40 Exception <a 'java/lang/NoSuchMethodError'{0x00000000ebceb940}: 'java.lang.Object java.lang.invoke.DirectMethodHandle$Holder.invokeSpecial(java.lang.Object, java.lang.Object, java.lang.Object, int, java.lang.Object, java.lang.Object)'> (0x00000000ebceb940) 
thrown [s\src\hotspot\share\interpreter\linkResolver.cpp, line 773]
Event: 4.023 Thread 0x0000023c848baf40 Exception <a 'java/lang/NoSuchMethodError'{0x00000000ebcf31d8}: 'java.lang.Object java.lang.invoke.DirectMethodHandle$Holder.newInvokeSpecial(java.lang.Object, java.lang.Object, java.lang.Object, int, java.lang.Object)'> (0x00000000ebcf31d8) 
thrown [s\src\hotspot\share\interpreter\linkResolver.cpp, line 773]
Event: 4.023 Thread 0x0000023c848baf40 Exception <a 'java/lang/NoSuchMethodError'{0x00000000ebcf6cc8}: 'java.lang.Object java.lang.invoke.Invokers$Holder.linkToTargetMethod(java.lang.Object, java.lang.Object, int, java.lang.Object, java.lang.Object)'> (0x00000000ebcf6cc8) 
thrown [s\src\hotspot\share\interpreter\linkResolver.cpp, line 773]
Event: 4.023 Thread 0x0000023c849bad00 Exception <a 'java/lang/NoSuchMethodError'{0x00000000ebc839d0}: 'java.lang.Object java.lang.invoke.DirectMethodHandle$Holder.invokeSpecial(java.lang.Object, java.lang.Object, int, java.lang.Object, java.lang.Object)'> (0x00000000ebc839d0) 
thrown [s\src\hotspot\share\interpreter\linkResolver.cpp, line 773]
Event: 4.024 Thread 0x0000023c849bad00 Exception <a 'java/lang/NoSuchMethodError'{0x00000000ebc8a708}: 'java.lang.Object java.lang.invoke.DirectMethodHandle$Holder.newInvokeSpecial(java.lang.Object, java.lang.Object, int, java.lang.Object)'> (0x00000000ebc8a708) 
thrown [s\src\hotspot\share\interpreter\linkResolver.cpp, line 773]
Event: 4.038 Thread 0x0000023c848baf40 Exception <a 'java/lang/NoSuchMethodError'{0x00000000ebdf9f40}: 'void java.lang.invoke.DirectMethodHandle$Holder.invokeSpecial(java.lang.Object, java.lang.Object, java.lang.Object, java.lang.Object, java.lang.Object)'> (0x00000000ebdf9f40) 
thrown [s\src\hotspot\share\interpreter\linkResolver.cpp, line 773]
Event: 4.052 Thread 0x0000023c848baf40 Exception <a 'java/lang/NoSuchMethodError'{0x00000000ebefd2e0}: 'double java.lang.invoke.DirectMethodHandle$Holder.invokeStatic(java.lang.Object, java.lang.Object)'> (0x00000000ebefd2e0) 
thrown [s\src\hotspot\share\interpreter\linkResolver.cpp, line 773]
Event: 4.052 Thread 0x0000023c848baf40 Exception <a 'java/lang/NoSuchMethodError'{0x00000000ebf009a0}: 'double java.lang.invoke.DirectMethodHandle$Holder.invokeStaticInit(java.lang.Object, java.lang.Object)'> (0x00000000ebf009a0) 
thrown [s\src\hotspot\share\interpreter\linkResolver.cpp, line 773]
Event: 4.386 Thread 0x0000023c848baf40 Implicit null exception at 0x0000023cb016b9f5 to 0x0000023cb016bae8
Event: 4.768 Thread 0x0000023c848baf40 Exception <a 'java/lang/ClassNotFoundException'{0x00000000ec101db0}: com/sun/org/apache/xerces/internal/impl/msg/spi/DOMMessagesProvider> (0x00000000ec101db0) 
thrown [s\src\hotspot\share\classfile\systemDictionary.cpp, line 312]
Event: 4.771 Thread 0x0000023c848baf40 Exception <a 'java/lang/ClassNotFoundException'{0x00000000ec133a40}: com/sun/org/apache/xerces/internal/impl/msg/spi/XMLSerializerMessagesProvider> (0x00000000ec133a40) 
thrown [s\src\hotspot\share\classfile\systemDictionary.cpp, line 312]
Event: 4.772 Thread 0x0000023c848baf40 Exception <a 'java/lang/ClassNotFoundException'{0x00000000ec14dca0}: com/sun/org/apache/xerces/internal/impl/msg/spi/XMLMessagesProvider> (0x00000000ec14dca0) 
thrown [s\src\hotspot\share\classfile\systemDictionary.cpp, line 312]
Event: 6.549 Thread 0x0000023c848baf40 Exception <a 'java/lang/NoSuchMethodError'{0x00000000eab2f9f0}: 'java.lang.Object java.lang.invoke.DirectMethodHandle$Holder.newInvokeSpecial(java.lang.Object, int, java.lang.Object, java.lang.Object)'> (0x00000000eab2f9f0) 
thrown [s\src\hotspot\share\interpreter\linkResolver.cpp, line 773]

ZGC Phase Switch (0 events):
No events

VM Operations (20 events):
Event: 3.321 Executing VM operation: HandshakeAllThreads (Deoptimize)
Event: 3.321 Executing VM operation: HandshakeAllThreads (Deoptimize) done
Event: 3.336 Executing VM operation: HandshakeAllThreads (Deoptimize)
Event: 3.336 Executing VM operation: HandshakeAllThreads (Deoptimize) done
Event: 3.348 Executing VM operation: HandshakeAllThreads (Deoptimize)
Event: 3.348 Executing VM operation: HandshakeAllThreads (Deoptimize) done
Event: 3.907 Executing VM operation: HandshakeAllThreads (Deoptimize)
Event: 3.907 Executing VM operation: HandshakeAllThreads (Deoptimize) done
Event: 4.132 Executing VM operation: ParallelGCFailedAllocation (Allocation Failure)
Event: 4.137 Executing VM operation: ParallelGCFailedAllocation (Allocation Failure) done
Event: 4.402 Executing VM operation: ParallelGCFailedAllocation (Allocation Failure)
Event: 4.405 Executing VM operation: ParallelGCFailedAllocation (Allocation Failure) done
Event: 4.436 Executing VM operation: CollectForMetadataAllocation (Metadata GC Threshold)
Event: 4.460 Executing VM operation: CollectForMetadataAllocation (Metadata GC Threshold) done
Event: 4.726 Executing VM operation: HandshakeAllThreads (Deoptimize)
Event: 4.726 Executing VM operation: HandshakeAllThreads (Deoptimize) done
Event: 4.833 Executing VM operation: ParallelGCFailedAllocation (Allocation Failure)
Event: 6.545 Executing VM operation: ParallelGCFailedAllocation (Allocation Failure) done
Event: 8.555 Executing VM operation: Cleanup
Event: 8.555 Executing VM operation: Cleanup done

Memory protections (0 events):
No events

Nmethod flushes (0 events):
No events

Events (20 events):
Event: 0.077 Thread 0x0000023ca2d92640 Thread added: 0x0000023ca53f0e70
Event: 0.395 Thread 0x0000023ca2d92640 Thread added: 0x0000023c843288f0
Event: 0.407 Thread 0x0000023cb9705ed0 Thread added: 0x0000023c84334150
Event: 0.889 Thread 0x0000023c84334150 Thread exited: 0x0000023c84334150
Event: 1.120 Thread 0x0000023cb976e6b0 Thread added: 0x0000023c84721d50
Event: 1.833 Thread 0x0000023ca2d92640 Thread added: 0x0000023c84a2f600
Event: 2.081 Thread 0x0000023ca2d92640 Thread added: 0x0000023c848b88d0
Event: 2.087 Thread 0x0000023ca2d92640 Thread added: 0x0000023c848baf40
Event: 2.163 Thread 0x0000023c848baf40 Thread added: 0x0000023c849110b0
Event: 2.237 Thread 0x0000023c84721d50 Thread exited: 0x0000023c84721d50
Event: 2.318 Thread 0x0000023c848baf40 Thread added: 0x0000023c8493a0c0
Event: 2.431 Thread 0x0000023cb976e6b0 Thread added: 0x0000023c84a16180
Event: 2.753 Thread 0x0000023c848baf40 Thread added: 0x0000023c84db67c0
Event: 2.962 Thread 0x0000023c84a16180 Thread exited: 0x0000023c84a16180
Event: 3.927 Thread 0x0000023c848baf40 Thread added: 0x0000023c849b9a20
Event: 3.995 Thread 0x0000023c848baf40 Thread added: 0x0000023c849bad00
Event: 4.024 Thread 0x0000023c848baf40 Thread added: 0x0000023c84e26930
Event: 4.084 Thread 0x0000023cb976e6b0 Thread added: 0x0000023c850a30c0
Event: 4.802 Thread 0x0000023c848baf40 Thread added: 0x0000023c84e27ce0
Event: 6.546 Thread 0x0000023c84e26930 Thread added: 0x0000023c84e28370


Dynamic libraries:
0x00007ff616190000 - 0x00007ff61619e000 	c:\Users\1009120\.vscode\extensions\redhat.java-1.42.0-win32-x64\jre\21.0.7-win32-x86_64\bin\java.exe
0x00007ffab30c0000 - 0x00007ffab3326000 	C:\WINDOWS\SYSTEM32\ntdll.dll
0x00007ffab0e80000 - 0x00007ffab0f49000 	C:\WINDOWS\System32\KERNEL32.DLL
0x00007ffab0860000 - 0x00007ffab0c2c000 	C:\WINDOWS\System32\KERNELBASE.dll
0x00007ffab04d0000 - 0x00007ffab061b000 	C:\WINDOWS\System32\ucrtbase.dll
0x00007ffaa6000000 - 0x00007ffaa6018000 	c:\Users\1009120\.vscode\extensions\redhat.java-1.42.0-win32-x64\jre\21.0.7-win32-x86_64\bin\jli.dll
0x00007ffaa2410000 - 0x00007ffaa242e000 	c:\Users\1009120\.vscode\extensions\redhat.java-1.42.0-win32-x64\jre\21.0.7-win32-x86_64\bin\VCRUNTIME140.dll
0x00007ffab13b0000 - 0x00007ffab157a000 	C:\WINDOWS\System32\USER32.dll
0x00007ffa9ef70000 - 0x00007ffa9f20a000 	C:\WINDOWS\WinSxS\amd64_microsoft.windows.common-controls_6595b64144ccf1df_6.0.26100.3912_none_3e07963ce335137e\COMCTL32.dll
0x00007ffab0cd0000 - 0x00007ffab0cf7000 	C:\WINDOWS\System32\win32u.dll
0x00007ffab1120000 - 0x00007ffab11c9000 	C:\WINDOWS\System32\msvcrt.dll
0x00007ffab11f0000 - 0x00007ffab121b000 	C:\WINDOWS\System32\GDI32.dll
0x00007ffab0390000 - 0x00007ffab04c2000 	C:\WINDOWS\System32\gdi32full.dll
0x00007ffab0250000 - 0x00007ffab02f3000 	C:\WINDOWS\System32\msvcp_win.dll
0x00007ffab2170000 - 0x00007ffab21a0000 	C:\WINDOWS\System32\IMM32.DLL
0x00007ffa837f0000 - 0x00007ffa838a1000 	C:\Program Files\McAfee\Endpoint Security\Threat Prevention\Ips\EpMPApi.dll
0x00007ffab0f50000 - 0x00007ffab1066000 	C:\WINDOWS\System32\RPCRT4.dll
0x00007ffab2950000 - 0x00007ffab2a02000 	C:\WINDOWS\System32\ADVAPI32.dll
0x00007ffab1070000 - 0x00007ffab1116000 	C:\WINDOWS\System32\sechost.dll
0x00007ffab0300000 - 0x00007ffab0380000 	C:\WINDOWS\System32\WINTRUST.dll
0x00007ffab0620000 - 0x00007ffab0797000 	C:\WINDOWS\System32\CRYPT32.dll
0x00007ffaaf940000 - 0x00007ffaaf953000 	C:\WINDOWS\SYSTEM32\MSASN1.dll
0x00000000624c0000 - 0x00000000624cc000 	C:\Program Files\McAfee\Endpoint Security\Threat Prevention\Ips\EpMPThe.dll
0x00007ffa83790000 - 0x00007ffa837eb000 	C:\Program Files\McAfee\Endpoint Security\Threat Prevention\Ips\HIPHandlers64.dll
0x00007ffab2220000 - 0x00007ffab294d000 	C:\WINDOWS\System32\SHELL32.dll
0x00007ffab0d00000 - 0x00007ffab0e74000 	C:\WINDOWS\System32\wintypes.dll
0x00007ffab1db0000 - 0x00007ffab2134000 	C:\WINDOWS\System32\combase.dll
0x00007ffab1990000 - 0x00007ffab19f9000 	C:\WINDOWS\System32\SHLWAPI.dll
0x00007ffaae780000 - 0x00007ffaae7b3000 	C:\WINDOWS\SYSTEM32\IPHLPAPI.DLL
0x00007ffaad470000 - 0x00007ffaad6b1000 	C:\WINDOWS\SYSTEM32\dbghelp.dll
0x00007ffab12b0000 - 0x00007ffab1390000 	C:\WINDOWS\System32\OLEAUT32.dll
0x00007ffaad410000 - 0x00007ffaad41c000 	c:\Users\1009120\.vscode\extensions\redhat.java-1.42.0-win32-x64\jre\21.0.7-win32-x86_64\bin\vcruntime140_1.dll
0x00007ffa9c130000 - 0x00007ffa9c1bd000 	c:\Users\1009120\.vscode\extensions\redhat.java-1.42.0-win32-x64\jre\21.0.7-win32-x86_64\bin\msvcp140.dll
0x00007ffa6e400000 - 0x00007ffa6f190000 	c:\Users\1009120\.vscode\extensions\redhat.java-1.42.0-win32-x64\jre\21.0.7-win32-x86_64\bin\server\jvm.dll
0x00007ffab1a00000 - 0x00007ffab1a74000 	C:\WINDOWS\System32\WS2_32.dll
0x00007ffab00c0000 - 0x00007ffab011e000 	C:\WINDOWS\SYSTEM32\POWRPROF.dll
0x00007ffaa2280000 - 0x00007ffaa22b6000 	C:\WINDOWS\SYSTEM32\WINMM.dll
0x00007ffaa5760000 - 0x00007ffaa576b000 	C:\WINDOWS\SYSTEM32\VERSION.dll
0x00007ffab00a0000 - 0x00007ffab00b4000 	C:\WINDOWS\SYSTEM32\UMPDC.dll
0x00007ffaaefd0000 - 0x00007ffaaefea000 	C:\WINDOWS\SYSTEM32\kernel.appcore.dll
0x00007ffaa1a50000 - 0x00007ffaa1a5a000 	c:\Users\1009120\.vscode\extensions\redhat.java-1.42.0-win32-x64\jre\21.0.7-win32-x86_64\bin\jimage.dll
0x00007ffaa0d00000 - 0x00007ffaa0d39000 	C:\WINDOWS\SYSTEM32\dbgcore.DLL
0x00007ffab0c30000 - 0x00007ffab0cc9000 	C:\WINDOWS\System32\bcryptPrimitives.dll
0x00007ffaa16f0000 - 0x00007ffaa16ff000 	c:\Users\1009120\.vscode\extensions\redhat.java-1.42.0-win32-x64\jre\21.0.7-win32-x86_64\bin\instrument.dll
0x00007ffaa0d40000 - 0x00007ffaa0d5f000 	c:\Users\1009120\.vscode\extensions\redhat.java-1.42.0-win32-x64\jre\21.0.7-win32-x86_64\bin\java.dll
0x00007ffaadc90000 - 0x00007ffaae4e6000 	C:\WINDOWS\SYSTEM32\windows.storage.dll
0x00007ffab1a80000 - 0x00007ffab1b6f000 	C:\WINDOWS\System32\SHCORE.dll
0x00007ffab0160000 - 0x00007ffab018f000 	C:\WINDOWS\SYSTEM32\profapi.dll
0x00007ffa9eab0000 - 0x00007ffa9eac8000 	c:\Users\1009120\.vscode\extensions\redhat.java-1.42.0-win32-x64\jre\21.0.7-win32-x86_64\bin\zip.dll
0x00007ffaa16e0000 - 0x00007ffaa16f0000 	C:\Users\1009120\.vscode\extensions\redhat.java-1.42.0-win32-x64\jre\21.0.7-win32-x86_64\bin\net.dll
0x00007ffaaa670000 - 0x00007ffaaa78e000 	C:\WINDOWS\SYSTEM32\WINHTTP.dll
0x00007ffaaf520000 - 0x00007ffaaf58a000 	C:\WINDOWS\system32\mswsock.dll
0x00007ffa9ea60000 - 0x00007ffa9ea76000 	C:\Users\1009120\.vscode\extensions\redhat.java-1.42.0-win32-x64\jre\21.0.7-win32-x86_64\bin\nio.dll
0x00007ffa9ea20000 - 0x00007ffa9ea30000 	c:\Users\1009120\.vscode\extensions\redhat.java-1.42.0-win32-x64\jre\21.0.7-win32-x86_64\bin\verify.dll
0x00007ffa9cf30000 - 0x00007ffa9cf75000 	C:\Users\1009120\AppData\Roaming\Code\User\globalStorage\redhat.java\1.42.0\config_ss_win\org.eclipse.equinox.launcher\org.eclipse.equinox.launcher.win32.win32.x86_64_1.2.1300.v20250331-1702\eclipse_11911.dll
0x00007ffab1610000 - 0x00007ffab17af000 	C:\WINDOWS\System32\ole32.dll
0x00007ffaaf8e0000 - 0x00007ffaaf8fc000 	C:\WINDOWS\SYSTEM32\CRYPTSP.dll
0x00007ffaaef30000 - 0x00007ffaaef6a000 	C:\WINDOWS\system32\rsaenh.dll
0x00007ffaaf5c0000 - 0x00007ffaaf5eb000 	C:\WINDOWS\SYSTEM32\USERENV.dll
0x00007ffab0130000 - 0x00007ffab0156000 	C:\WINDOWS\SYSTEM32\bcrypt.dll
0x00007ffaaf750000 - 0x00007ffaaf75c000 	C:\WINDOWS\SYSTEM32\CRYPTBASE.dll
0x00007ffab1220000 - 0x00007ffab122a000 	C:\WINDOWS\System32\NSI.dll
0x00007ffa917d0000 - 0x00007ffa91819000 	C:\Users\1009120\AppData\Local\Temp\jna-1958282439\jna1170421026968850008.dll
0x00007ffab1b80000 - 0x00007ffab1b88000 	C:\WINDOWS\System32\PSAPI.DLL

dbghelp: loaded successfully - version: 4.0.5 - missing functions: none
symbol engine: initialized successfully - sym options: 0x614 - pdb path: .;c:\Users\1009120\.vscode\extensions\redhat.java-1.42.0-win32-x64\jre\21.0.7-win32-x86_64\bin;C:\WINDOWS\SYSTEM32;C:\WINDOWS\WinSxS\amd64_microsoft.windows.common-controls_6595b64144ccf1df_6.0.26100.3912_none_3e07963ce335137e;C:\Program Files\McAfee\Endpoint Security\Threat Prevention\Ips;c:\Users\1009120\.vscode\extensions\redhat.java-1.42.0-win32-x64\jre\21.0.7-win32-x86_64\bin\server;C:\Users\1009120\AppData\Roaming\Code\User\globalStorage\redhat.java\1.42.0\config_ss_win\org.eclipse.equinox.launcher\org.eclipse.equinox.launcher.win32.win32.x86_64_1.2.1300.v20250331-1702;C:\Users\1009120\AppData\Local\Temp\jna-1958282439

VM Arguments:
jvm_args: --add-modules=ALL-SYSTEM --add-opens=java.base/java.util=ALL-UNNAMED --add-opens=java.base/java.lang=ALL-UNNAMED --add-opens=java.base/sun.nio.fs=ALL-UNNAMED -Declipse.application=org.eclipse.jdt.ls.core.id1 -Dosgi.bundles.defaultStartLevel=4 -Declipse.product=org.eclipse.jdt.ls.core.product -Djava.import.generatesMetadataFilesAtProjectRoot=false -DDetectVMInstallationsJob.disabled=true -Dfile.encoding=eucjp -XX:+UseParallelGC -XX:GCTimeRatio=4 -XX:AdaptiveSizePolicyWeight=90 -Dsun.zip.disableMemoryMapping=true -Xmx1G -Xms100m -Xlog:disable -javaagent:c:\Users\1009120\.vscode\extensions\redhat.java-1.42.0-win32-x64\lombok\lombok-1.18.36.jar 
java_command: c:\Users\1009120\.vscode\extensions\redhat.java-1.42.0-win32-x64\server\plugins\org.eclipse.equinox.launcher_1.7.0.v20250424-1814.jar -configuration c:\Users\1009120\AppData\Roaming\Code\User\globalStorage\redhat.java\1.42.0\config_ss_win -data c:\Users\1009120\AppData\Roaming\Code\User\workspaceStorage\840727110d61c81bbd5af45acf1c68f6\redhat.java\ss_ws --pipe=\\.\pipe\lsp-fd57ecd1ca29f4e03000d16133063bb1-sock
java_class_path (initial): c:\Users\1009120\.vscode\extensions\redhat.java-1.42.0-win32-x64\server\plugins\org.eclipse.equinox.launcher_1.7.0.v20250424-1814.jar
Launcher Type: SUN_STANDARD

[Global flags]
    uintx AdaptiveSizePolicyWeight                 = 90                                        {product} {command line}
     intx CICompilerCount                          = 3                                         {product} {ergonomic}
    uintx GCTimeRatio                              = 4                                         {product} {command line}
   size_t InitialHeapSize                          = 104857600                                 {product} {command line}
   size_t MaxHeapSize                              = 1073741824                                {product} {command line}
   size_t MaxNewSize                               = 357564416                                 {product} {ergonomic}
   size_t MinHeapDeltaBytes                        = 524288                                    {product} {ergonomic}
   size_t MinHeapSize                              = 104857600                                 {product} {command line}
   size_t NewSize                                  = 34603008                                  {product} {ergonomic}
    uintx NonNMethodCodeHeapSize                   = 5832780                                {pd product} {ergonomic}
    uintx NonProfiledCodeHeapSize                  = 122912730                              {pd product} {ergonomic}
   size_t OldSize                                  = 70254592                                  {product} {ergonomic}
    uintx ProfiledCodeHeapSize                     = 122912730                              {pd product} {ergonomic}
    uintx ReservedCodeCacheSize                    = 251658240                              {pd product} {ergonomic}
     bool SegmentedCodeCache                       = true                                      {product} {ergonomic}
   size_t SoftMaxHeapSize                          = 1073741824                             {manageable} {ergonomic}
     bool UseCompressedOops                        = true                           {product lp64_product} {ergonomic}
     bool UseLargePagesIndividualAllocation        = false                                  {pd product} {ergonomic}
     bool UseParallelGC                            = true                                      {product} {command line}

Logging:
Log output configuration:
 #0: stdout all=off uptime,level,tags foldmultilines=false
 #1: stderr all=off uptime,level,tags foldmultilines=false

Environment Variables:
PATH=C:\Program Files\Eclipse Adoptium\jdk-21.0.7.6-hotspot\bin;C:\Program Files\Common Files\Oracle\Java\javapath;C:\WINDOWS\system32;C:\WINDOWS;C:\WINDOWS\System32\Wbem;C:\WINDOWS\System32\WindowsPowerShell\v1.0\;C:\WINDOWS\System32\OpenSSH\;C:\Program Files\TortoiseSVN\bin;C:\Program Files (x86)\WinMerge;C:\Program Files\dotnet\;C:\Program Files (x86)\mingw64\bin;C:\Program Files\Calibre2\;C:\Program Files\nodejs\;C:\Users\1009120\AppData\Local\Microsoft\WindowsApps;C:\Users\1009120\AppData\Local\Programs\Microsoft VS Code\bin;C:\Program Files (x86)\mingw64\bin;C:\Users\1009120\AppData\Roaming\npm;D:\teams_download\apache-maven-3.9.9-bin\apache-maven-3.9.9\bin;
USERNAME=1009120
OS=Windows_NT
PROCESSOR_IDENTIFIER=Intel64 Family 6 Model 158 Stepping 11, GenuineIntel
TMP=C:\Users\1009120\AppData\Local\Temp
TEMP=C:\Users\1009120\AppData\Local\Temp




Periodic native trim disabled

---------------  S Y S T E M  ---------------

OS:
 Windows 11 , 64 bit Build 26100 (10.0.26100.3912)
OS uptime: 9 days 15:25 hours
Hyper-V role detected

CPU: total 4 (initial active 4) (4 cores per cpu, 1 threads per core) family 6 model 158 stepping 11 microcode 0xde, cx8, cmov, fxsr, mmx, 3dnowpref, sse, sse2, sse3, ssse3, sse4.1, sse4.2, popcnt, lzcnt, tsc, tscinvbit, avx, avx2, aes, erms, clmul, bmi1, bmi2, adx, fma, vzeroupper, clflush, clflushopt, hv, rdtscp, f16c
Processor Information for the first 4 processors :
  Max Mhz: 3600, Current Mhz: 3600, Mhz Limit: 3600

Memory: 4k page, system-wide physical 16160M (1340M free)
TotalPageFile size 35122M (AvailPageFile size 4M)
current process WorkingSet (physical memory assigned to process): 146M, peak: 155M
current process commit charge ("private bytes"): 233M, peak: 241M

vm_info: OpenJDK 64-Bit Server VM (21.0.7+6-LTS) for windows-amd64 JRE (21.0.7+6-LTS), built on 2025-04-15T00:00:00Z by "admin" with MS VC++ 17.7 (VS2022)

END.
