#
# There is insufficient memory for the Java Runtime Environment to continue.
# Native memory allocation (malloc) failed to allocate 952816 bytes. Error detail: Chunk::new
# Possible reasons:
#   The system is out of physical RAM or swap space
#   This process is running with CompressedOops enabled, and the Java Heap may be blocking the growth of the native heap
# Possible solutions:
#   Reduce memory load on the system
#   Increase physical memory or swap space
#   Check if swap backing store is full
#   Decrease Java heap size (-Xmx/-Xms)
#   Decrease number of Java threads
#   Decrease Java thread stack sizes (-Xss)
#   Set larger code cache with -XX:ReservedCodeCacheSize=
#   JVM is running with Unscaled Compressed Oops mode in which the Java heap is
#     placed in the first 4GB address space. The Java Heap base address is the
#     maximum limit for the native heap growth. Please use -XX:HeapBaseMinAddress
#     to set the Java Heap base and to place the Java Heap above 4GB virtual address.
# This output file may be truncated or incomplete.
#
#  Out of Memory Error (arena.cpp:168), pid=13820, tid=22424
#
# JRE version: OpenJDK Runtime Environment Temurin-21.0.7+6 (21.0.7+6) (build 21.0.7+6-LTS)
# Java VM: OpenJDK 64-Bit Server VM Temurin-21.0.7+6 (21.0.7+6-LTS, mixed mode, sharing, tiered, compressed oops, compressed class ptrs, parallel gc, windows-amd64)
# No core dump will be written. Minidumps are not enabled by default on client versions of Windows
#

---------------  S U M M A R Y ------------

Command Line: --add-modules=ALL-SYSTEM --add-opens=java.base/java.util=ALL-UNNAMED --add-opens=java.base/java.lang=ALL-UNNAMED --add-opens=java.base/sun.nio.fs=ALL-UNNAMED -Declipse.application=org.eclipse.jdt.ls.core.id1 -Dosgi.bundles.defaultStartLevel=4 -Declipse.product=org.eclipse.jdt.ls.core.product -Djava.import.generatesMetadataFilesAtProjectRoot=false -DDetectVMInstallationsJob.disabled=true -Dfile.encoding=eucjp -XX:+UseParallelGC -XX:GCTimeRatio=4 -XX:AdaptiveSizePolicyWeight=90 -Dsun.zip.disableMemoryMapping=true -Xmx1G -Xms100m -Xlog:disable -javaagent:c:\Users\1009120\.vscode\extensions\redhat.java-1.42.0-win32-x64\lombok\lombok-1.18.36.jar -XX:+HeapDumpOnOutOfMemoryError -XX:HeapDumpPath=c:\Users\1009120\AppData\Roaming\Code\User\workspaceStorage\840727110d61c81bbd5af45acf1c68f6\redhat.java -Daether.dependencyCollector.impl=bf c:\Users\1009120\.vscode\extensions\redhat.java-1.42.0-win32-x64\server\plugins\org.eclipse.equinox.launcher_1.7.0.v20250424-1814.jar -configuration c:\Users\1009120\AppData\Roaming\Code\User\globalStorage\redhat.java\1.42.0\config_win -data c:\Users\1009120\AppData\Roaming\Code\User\workspaceStorage\840727110d61c81bbd5af45acf1c68f6\redhat.java\jdt_ws --pipe=\\.\pipe\lsp-dfc477ee4b6fc9f1325d1c062d3e5012-sock

Host: Intel(R) Core(TM) i3-8100 CPU @ 3.60GHz, 4 cores, 15G,  Windows 11 , 64 bit Build 26100 (10.0.26100.3912)
Time: Thu Jun  5 15:58:43 2025  Windows 11 , 64 bit Build 26100 (10.0.26100.3912) elapsed time: 6.878333 seconds (0d 0h 0m 6s)

---------------  T H R E A D  ---------------

Current thread (0x00000277175f7950):  JavaThread "C2 CompilerThread0" daemon [_thread_in_native, id=22424, stack(0x000000cf45400000,0x000000cf45500000) (1024K)]


Current CompileTask:
C2:6878 3285       4       java.lang.invoke.MethodType::makeImpl (109 bytes)

Stack: [0x000000cf45400000,0x000000cf45500000]
Native frames: (J=compiled Java code, j=interpreted, Vv=VM code, C=native code)
V  [jvm.dll+0x6ce119]
V  [jvm.dll+0x8a84a1]
V  [jvm.dll+0x8aa9ce]
V  [jvm.dll+0x8ab0b3]
V  [jvm.dll+0x27f8a6]
V  [jvm.dll+0xc507d]
V  [jvm.dll+0xc55b3]
V  [jvm.dll+0x2f2c6d]
V  [jvm.dll+0x5f6bca]
V  [jvm.dll+0x250cb2]
V  [jvm.dll+0x25106f]
V  [jvm.dll+0x249934]
V  [jvm.dll+0x246fc4]
V  [jvm.dll+0x1c760e]
V  [jvm.dll+0x25695a]
V  [jvm.dll+0x254efa]
V  [jvm.dll+0x3f03f6]
V  [jvm.dll+0x851f6b]
V  [jvm.dll+0x6cc7dd]
C  [ucrtbase.dll+0x37b0]
C  [KERNEL32.DLL+0x2e8d7]
C  [ntdll.dll+0x9c5dc]


---------------  P R O C E S S  ---------------

Threads class SMR info:
_java_thread_list=0x000002775e5ac890, length=21, elements={
0x000002770280beb0, 0x00000277175e6ff0, 0x00000277175ebba0, 0x00000277175f1810,
0x00000277175f2460, 0x00000277175f30b0, 0x00000277175f6b20, 0x00000277175f7950,
0x0000027759336530, 0x00000277593b71f0, 0x0000027759600cf0, 0x0000027759efdbc0,
0x000002775964f6a0, 0x0000027759e9a090, 0x0000027759ea3aa0, 0x000002775e1ad520,
0x000002775e1ac170, 0x000002775e1ace90, 0x000002775e1aadc0, 0x000002775e1aa730,
0x000002775e1ab450
}

Java Threads: ( => current thread )
  0x000002770280beb0 JavaThread "main"                              [_thread_blocked, id=3552, stack(0x000000cf44a00000,0x000000cf44b00000) (1024K)]
  0x00000277175e6ff0 JavaThread "Reference Handler"          daemon [_thread_blocked, id=27792, stack(0x000000cf44e00000,0x000000cf44f00000) (1024K)]
  0x00000277175ebba0 JavaThread "Finalizer"                  daemon [_thread_blocked, id=14816, stack(0x000000cf44f00000,0x000000cf45000000) (1024K)]
  0x00000277175f1810 JavaThread "Signal Dispatcher"          daemon [_thread_blocked, id=22784, stack(0x000000cf45000000,0x000000cf45100000) (1024K)]
  0x00000277175f2460 JavaThread "Attach Listener"            daemon [_thread_blocked, id=32160, stack(0x000000cf45100000,0x000000cf45200000) (1024K)]
  0x00000277175f30b0 JavaThread "Service Thread"             daemon [_thread_blocked, id=32152, stack(0x000000cf45200000,0x000000cf45300000) (1024K)]
  0x00000277175f6b20 JavaThread "Monitor Deflation Thread"   daemon [_thread_blocked, id=13632, stack(0x000000cf45300000,0x000000cf45400000) (1024K)]
=>0x00000277175f7950 JavaThread "C2 CompilerThread0"         daemon [_thread_in_native, id=22424, stack(0x000000cf45400000,0x000000cf45500000) (1024K)]
  0x0000027759336530 JavaThread "C1 CompilerThread0"         daemon [_thread_blocked, id=15824, stack(0x000000cf45500000,0x000000cf45600000) (1024K)]
  0x00000277593b71f0 JavaThread "Common-Cleaner"             daemon [_thread_blocked, id=30844, stack(0x000000cf45600000,0x000000cf45700000) (1024K)]
  0x0000027759600cf0 JavaThread "Notification Thread"        daemon [_thread_blocked, id=30936, stack(0x000000cf45700000,0x000000cf45800000) (1024K)]
  0x0000027759efdbc0 JavaThread "Active Thread: Equinox Container: 6b011c34-ffc5-49ab-8ed3-b7acb25802aa"        [_thread_blocked, id=31208, stack(0x000000cf45c00000,0x000000cf45d00000) (1024K)]
  0x000002775964f6a0 JavaThread "Refresh Thread: Equinox Container: 6b011c34-ffc5-49ab-8ed3-b7acb25802aa" daemon [_thread_blocked, id=9708, stack(0x000000cf45d00000,0x000000cf45e00000) (1024K)]
  0x0000027759e9a090 JavaThread "Framework Event Dispatcher: Equinox Container: 6b011c34-ffc5-49ab-8ed3-b7acb25802aa" daemon [_thread_blocked, id=28612, stack(0x000000cf45e00000,0x000000cf45f00000) (1024K)]
  0x0000027759ea3aa0 JavaThread "Start Level: Equinox Container: 6b011c34-ffc5-49ab-8ed3-b7acb25802aa" daemon [_thread_in_native, id=12512, stack(0x000000cf45f00000,0x000000cf46000000) (1024K)]
  0x000002775e1ad520 JavaThread "Bundle File Closer"         daemon [_thread_blocked, id=31804, stack(0x000000cf46000000,0x000000cf46100000) (1024K)]
  0x000002775e1ac170 JavaThread "SCR Component Actor"        daemon [_thread_blocked, id=22120, stack(0x000000cf46100000,0x000000cf46200000) (1024K)]
  0x000002775e1ace90 JavaThread "SCR Component Registry"     daemon [_thread_blocked, id=23216, stack(0x000000cf46200000,0x000000cf46300000) (1024K)]
  0x000002775e1aadc0 JavaThread "Worker-JM"                         [_thread_blocked, id=11416, stack(0x000000cf46300000,0x000000cf46400000) (1024K)]
  0x000002775e1aa730 JavaThread "JNA Cleaner"                daemon [_thread_blocked, id=21864, stack(0x000000cf45800000,0x000000cf45900000) (1024K)]
  0x000002775e1ab450 JavaThread "Worker-0"                          [_thread_blocked, id=28260, stack(0x000000cf46400000,0x000000cf46500000) (1024K)]
Total: 21

Other Threads:
  0x00000277175e00f0 VMThread "VM Thread"                           [id=20600, stack(0x000000cf44d00000,0x000000cf44e00000) (1024K)]
  0x000002771757ca10 WatcherThread "VM Periodic Task Thread"        [id=17356, stack(0x000000cf44c00000,0x000000cf44d00000) (1024K)]
  0x0000027702822240 WorkerThread "GC Thread#0"                     [id=18612, stack(0x000000cf44b00000,0x000000cf44c00000) (1024K)]
  0x00000277599c0190 WorkerThread "GC Thread#1"                     [id=10328, stack(0x000000cf45900000,0x000000cf45a00000) (1024K)]
  0x00000277599a0550 WorkerThread "GC Thread#2"                     [id=19476, stack(0x000000cf45a00000,0x000000cf45b00000) (1024K)]
  0x00000277599c0530 WorkerThread "GC Thread#3"                     [id=18480, stack(0x000000cf45b00000,0x000000cf45c00000) (1024K)]
Total: 6

Threads with active compile tasks:
C2 CompilerThread0  6936 3285       4       java.lang.invoke.MethodType::makeImpl (109 bytes)
Total: 1

VM state: not at safepoint (normal execution)

VM Mutex/Monitor currently owned by a thread: None

Heap address: 0x00000000c0000000, size: 1024 MB, Compressed Oops mode: 32-bit

CDS archive(s) mapped at: [0x0000027718000000-0x0000027718ba0000-0x0000027718ba0000), size 12189696, SharedBaseAddress: 0x0000027718000000, ArchiveRelocationMode: 1.
Compressed class space mapped at: 0x0000027719000000-0x0000027759000000, reserved size: 1073741824
Narrow klass base: 0x0000027718000000, Narrow klass shift: 0, Narrow klass range: 0x100000000

GC Precious Log:
 CardTable entry size: 512
 CPUs: 4 total, 4 available
 Memory: 16160M
 Large Page Support: Disabled
 NUMA Support: Disabled
 Compressed Oops: Enabled (32-bit)
 Alignments: Space 512K, Generation 512K, Heap 2M
 Heap Min Capacity: 100M
 Heap Initial Capacity: 100M
 Heap Max Capacity: 1G
 Pre-touch: Disabled
 Parallel Workers: 4

Heap:
 PSYoungGen      total 29184K, used 16083K [0x00000000eab00000, 0x00000000ecf80000, 0x0000000100000000)
  eden space 25088K, 47% used [0x00000000eab00000,0x00000000eb6b7fc0,0x00000000ec380000)
  from space 4096K, 99% used [0x00000000ec400000,0x00000000ec7fce08,0x00000000ec800000)
  to   space 6144K, 0% used [0x00000000ec980000,0x00000000ec980000,0x00000000ecf80000)
 ParOldGen       total 68608K, used 8486K [0x00000000c0000000, 0x00000000c4300000, 0x00000000eab00000)
  object space 68608K, 12% used [0x00000000c0000000,0x00000000c0849ab0,0x00000000c4300000)
 Metaspace       used 17125K, committed 17792K, reserved 1114112K
  class space    used 1733K, committed 2048K, reserved 1048576K

Card table byte_map: [0x0000027714ef0000,0x0000027715100000] _byte_map_base: 0x00000277148f0000

Marking Bits: (ParMarkBitMap*) 0x00007ffa6f0b31f0
 Begin Bits: [0x0000027715260000, 0x0000027716260000)
 End Bits:   [0x0000027716260000, 0x0000027717260000)

Polling page: 0x0000027700b80000

Metaspace:

Usage:
  Non-class:     15.03 MB used.
      Class:      1.69 MB used.
       Both:     16.72 MB used.

Virtual space:
  Non-class space:       64.00 MB reserved,      15.38 MB ( 24%) committed,  1 nodes.
      Class space:        1.00 GB reserved,       2.00 MB ( <1%) committed,  1 nodes.
             Both:        1.06 GB reserved,      17.38 MB (  2%) committed. 

Chunk freelists:
   Non-Class:  652.00 KB
       Class:  13.98 MB
        Both:  14.62 MB

MaxMetaspaceSize: unlimited
CompressedClassSpaceSize: 1.00 GB
Initial GC threshold: 21.00 MB
Current GC threshold: 21.00 MB
CDS: on
 - commit_granule_bytes: 65536.
 - commit_granule_words: 8192.
 - virtual_space_node_default_size: 8388608.
 - enlarge_chunks_in_place: 1.
 - use_allocation_guard: 0.


Internal statistics:

num_allocs_failed_limit: 0.
num_arena_births: 494.
num_arena_deaths: 0.
num_vsnodes_births: 2.
num_vsnodes_deaths: 0.
num_space_committed: 278.
num_space_uncommitted: 0.
num_chunks_returned_to_freelist: 0.
num_chunks_taken_from_freelist: 1090.
num_chunk_merges: 0.
num_chunk_splits: 700.
num_chunks_enlarged: 457.
num_inconsistent_stats: 0.

CodeHeap 'non-profiled nmethods': size=120000Kb used=1493Kb max_used=1493Kb free=118506Kb
 bounds [0x000002770d7e0000, 0x000002770da50000, 0x0000027714d10000]
CodeHeap 'profiled nmethods': size=120000Kb used=6588Kb max_used=6588Kb free=113411Kb
 bounds [0x0000027705d10000, 0x0000027706380000, 0x000002770d240000]
CodeHeap 'non-nmethods': size=5760Kb used=1274Kb max_used=1299Kb free=4485Kb
 bounds [0x000002770d240000, 0x000002770d4b0000, 0x000002770d7e0000]
 total_blobs=3874 nmethods=3325 adapters=455
 compilation: enabled
              stopped_count=0, restarted_count=0
 full_count=0

Compilation events (20 events):
Event: 6.829 Thread 0x0000027759336530 3321       3       java.lang.AbstractStringBuilder::append (54 bytes)
Event: 6.829 Thread 0x0000027759336530 nmethod 3321 0x000002770637ba90 code [0x000002770637bcc0, 0x000002770637c600]
Event: 6.829 Thread 0x0000027759336530 3324       3       java.util.Formatter$FormatSpecifier::print (234 bytes)
Event: 6.829 Thread 0x0000027759336530 nmethod 3324 0x000002770637c790 code [0x000002770637ca20, 0x000002770637d1c0]
Event: 6.829 Thread 0x0000027759336530 3325       3       java.lang.StringBuilder::append (6 bytes)
Event: 6.830 Thread 0x0000027759336530 nmethod 3325 0x000002770637d390 code [0x000002770637d540, 0x000002770637d6f0]
Event: 6.830 Thread 0x0000027759336530 3326       3       java.util.Formatter$FormatSpecifier::appendJustified (89 bytes)
Event: 6.830 Thread 0x0000027759336530 nmethod 3326 0x000002770637d810 code [0x000002770637da40, 0x000002770637e1a8]
Event: 6.830 Thread 0x0000027759336530 3323       1       java.text.DecimalFormatSymbols::getZeroDigit (5 bytes)
Event: 6.830 Thread 0x0000027759336530 nmethod 3323 0x000002770d954b10 code [0x000002770d954ca0, 0x000002770d954d70]
Event: 6.830 Thread 0x0000027759336530 3327       1       java.text.DecimalFormatSymbols::getLocale (5 bytes)
Event: 6.830 Thread 0x0000027759336530 nmethod 3327 0x000002770d954e10 code [0x000002770d954fa0, 0x000002770d955068]
Event: 6.834 Thread 0x0000027759336530 3328       3       org.eclipse.core.runtime.Assert::isNotNull (19 bytes)
Event: 6.834 Thread 0x0000027759336530 nmethod 3328 0x000002770637e410 code [0x000002770637e5e0, 0x000002770637e848]
Event: 6.836 Thread 0x0000027759336530 3329       3       org.eclipse.core.runtime.Assert::isNotNull (7 bytes)
Event: 6.836 Thread 0x0000027759336530 nmethod 3329 0x000002770637e990 code [0x000002770637eb60, 0x000002770637ee30]
Event: 6.840 Thread 0x0000027759336530 3330       3       org.eclipse.core.runtime.Path::segmentCount (6 bytes)
Event: 6.840 Thread 0x0000027759336530 nmethod 3330 0x000002770637ef90 code [0x000002770637f120, 0x000002770637f248]
Event: 6.843 Thread 0x0000027759336530 3331       1       org.eclipse.core.internal.dtree.AbstractDataTreeNode::isDelta (2 bytes)
Event: 6.843 Thread 0x0000027759336530 nmethod 3331 0x000002770d955110 code [0x000002770d9552a0, 0x000002770d955368]

GC Heap History (10 events):
Event: 1.379 GC heap before
{Heap before GC invocations=1 (full 0):
 PSYoungGen      total 29696K, used 25600K [0x00000000eab00000, 0x00000000ecc00000, 0x0000000100000000)
  eden space 25600K, 100% used [0x00000000eab00000,0x00000000ec400000,0x00000000ec400000)
  from space 4096K, 0% used [0x00000000ec800000,0x00000000ec800000,0x00000000ecc00000)
  to   space 4096K, 0% used [0x00000000ec400000,0x00000000ec400000,0x00000000ec800000)
 ParOldGen       total 68608K, used 0K [0x00000000c0000000, 0x00000000c4300000, 0x00000000eab00000)
  object space 68608K, 0% used [0x00000000c0000000,0x00000000c0000000,0x00000000c4300000)
 Metaspace       used 4366K, committed 4608K, reserved 1114112K
  class space    used 464K, committed 576K, reserved 1048576K
}
Event: 1.387 GC heap after
{Heap after GC invocations=1 (full 0):
 PSYoungGen      total 29696K, used 3355K [0x00000000eab00000, 0x00000000ecc00000, 0x0000000100000000)
  eden space 25600K, 0% used [0x00000000eab00000,0x00000000eab00000,0x00000000ec400000)
  from space 4096K, 81% used [0x00000000ec400000,0x00000000ec746e80,0x00000000ec800000)
  to   space 4096K, 0% used [0x00000000ec800000,0x00000000ec800000,0x00000000ecc00000)
 ParOldGen       total 68608K, used 0K [0x00000000c0000000, 0x00000000c4300000, 0x00000000eab00000)
  object space 68608K, 0% used [0x00000000c0000000,0x00000000c0000000,0x00000000c4300000)
 Metaspace       used 4366K, committed 4608K, reserved 1114112K
  class space    used 464K, committed 576K, reserved 1048576K
}
Event: 2.577 GC heap before
{Heap before GC invocations=2 (full 0):
 PSYoungGen      total 29696K, used 28955K [0x00000000eab00000, 0x00000000ecc00000, 0x0000000100000000)
  eden space 25600K, 100% used [0x00000000eab00000,0x00000000ec400000,0x00000000ec400000)
  from space 4096K, 81% used [0x00000000ec400000,0x00000000ec746e80,0x00000000ec800000)
  to   space 4096K, 0% used [0x00000000ec800000,0x00000000ec800000,0x00000000ecc00000)
 ParOldGen       total 68608K, used 0K [0x00000000c0000000, 0x00000000c4300000, 0x00000000eab00000)
  object space 68608K, 0% used [0x00000000c0000000,0x00000000c0000000,0x00000000c4300000)
 Metaspace       used 8107K, committed 8384K, reserved 1114112K
  class space    used 821K, committed 960K, reserved 1048576K
}
Event: 2.583 GC heap after
{Heap after GC invocations=2 (full 0):
 PSYoungGen      total 29696K, used 4091K [0x00000000eab00000, 0x00000000ecc00000, 0x0000000100000000)
  eden space 25600K, 0% used [0x00000000eab00000,0x00000000eab00000,0x00000000ec400000)
  from space 4096K, 99% used [0x00000000ec800000,0x00000000ecbfee80,0x00000000ecc00000)
  to   space 4096K, 0% used [0x00000000ec400000,0x00000000ec400000,0x00000000ec800000)
 ParOldGen       total 68608K, used 1849K [0x00000000c0000000, 0x00000000c4300000, 0x00000000eab00000)
  object space 68608K, 2% used [0x00000000c0000000,0x00000000c01ce568,0x00000000c4300000)
 Metaspace       used 8107K, committed 8384K, reserved 1114112K
  class space    used 821K, committed 960K, reserved 1048576K
}
Event: 3.175 GC heap before
{Heap before GC invocations=3 (full 0):
 PSYoungGen      total 29696K, used 29691K [0x00000000eab00000, 0x00000000ecc00000, 0x0000000100000000)
  eden space 25600K, 100% used [0x00000000eab00000,0x00000000ec400000,0x00000000ec400000)
  from space 4096K, 99% used [0x00000000ec800000,0x00000000ecbfee80,0x00000000ecc00000)
  to   space 4096K, 0% used [0x00000000ec400000,0x00000000ec400000,0x00000000ec800000)
 ParOldGen       total 68608K, used 1849K [0x00000000c0000000, 0x00000000c4300000, 0x00000000eab00000)
  object space 68608K, 2% used [0x00000000c0000000,0x00000000c01ce568,0x00000000c4300000)
 Metaspace       used 9387K, committed 9728K, reserved 1114112K
  class space    used 971K, committed 1152K, reserved 1048576K
}
Event: 3.182 GC heap after
{Heap after GC invocations=3 (full 0):
 PSYoungGen      total 29696K, used 4081K [0x00000000eab00000, 0x00000000ecc00000, 0x0000000100000000)
  eden space 25600K, 0% used [0x00000000eab00000,0x00000000eab00000,0x00000000ec400000)
  from space 4096K, 99% used [0x00000000ec400000,0x00000000ec7fc418,0x00000000ec800000)
  to   space 4096K, 0% used [0x00000000ec800000,0x00000000ec800000,0x00000000ecc00000)
 ParOldGen       total 68608K, used 5305K [0x00000000c0000000, 0x00000000c4300000, 0x00000000eab00000)
  object space 68608K, 7% used [0x00000000c0000000,0x00000000c052e768,0x00000000c4300000)
 Metaspace       used 9387K, committed 9728K, reserved 1114112K
  class space    used 971K, committed 1152K, reserved 1048576K
}
Event: 3.778 GC heap before
{Heap before GC invocations=4 (full 0):
 PSYoungGen      total 29696K, used 29681K [0x00000000eab00000, 0x00000000ecc00000, 0x0000000100000000)
  eden space 25600K, 100% used [0x00000000eab00000,0x00000000ec400000,0x00000000ec400000)
  from space 4096K, 99% used [0x00000000ec400000,0x00000000ec7fc418,0x00000000ec800000)
  to   space 4096K, 0% used [0x00000000ec800000,0x00000000ec800000,0x00000000ecc00000)
 ParOldGen       total 68608K, used 5305K [0x00000000c0000000, 0x00000000c4300000, 0x00000000eab00000)
  object space 68608K, 7% used [0x00000000c0000000,0x00000000c052e768,0x00000000c4300000)
 Metaspace       used 12176K, committed 12608K, reserved 1114112K
  class space    used 1255K, committed 1472K, reserved 1048576K
}
Event: 3.781 GC heap after
{Heap after GC invocations=4 (full 0):
 PSYoungGen      total 29696K, used 4083K [0x00000000eab00000, 0x00000000ecc00000, 0x0000000100000000)
  eden space 25600K, 0% used [0x00000000eab00000,0x00000000eab00000,0x00000000ec400000)
  from space 4096K, 99% used [0x00000000ec800000,0x00000000ecbfcd98,0x00000000ecc00000)
  to   space 4096K, 0% used [0x00000000ec400000,0x00000000ec400000,0x00000000ec800000)
 ParOldGen       total 68608K, used 6995K [0x00000000c0000000, 0x00000000c4300000, 0x00000000eab00000)
  object space 68608K, 10% used [0x00000000c0000000,0x00000000c06d4e18,0x00000000c4300000)
 Metaspace       used 12176K, committed 12608K, reserved 1114112K
  class space    used 1255K, committed 1472K, reserved 1048576K
}
Event: 4.340 GC heap before
{Heap before GC invocations=5 (full 0):
 PSYoungGen      total 29696K, used 29683K [0x00000000eab00000, 0x00000000ecc00000, 0x0000000100000000)
  eden space 25600K, 100% used [0x00000000eab00000,0x00000000ec400000,0x00000000ec400000)
  from space 4096K, 99% used [0x00000000ec800000,0x00000000ecbfcd98,0x00000000ecc00000)
  to   space 4096K, 0% used [0x00000000ec400000,0x00000000ec400000,0x00000000ec800000)
 ParOldGen       total 68608K, used 6995K [0x00000000c0000000, 0x00000000c4300000, 0x00000000eab00000)
  object space 68608K, 10% used [0x00000000c0000000,0x00000000c06d4e18,0x00000000c4300000)
 Metaspace       used 15458K, committed 16000K, reserved 1114112K
  class space    used 1541K, committed 1792K, reserved 1048576K
}
Event: 4.344 GC heap after
{Heap after GC invocations=5 (full 0):
 PSYoungGen      total 29184K, used 4083K [0x00000000eab00000, 0x00000000ecf80000, 0x0000000100000000)
  eden space 25088K, 0% used [0x00000000eab00000,0x00000000eab00000,0x00000000ec380000)
  from space 4096K, 99% used [0x00000000ec400000,0x00000000ec7fce08,0x00000000ec800000)
  to   space 6144K, 0% used [0x00000000ec980000,0x00000000ec980000,0x00000000ecf80000)
 ParOldGen       total 68608K, used 8486K [0x00000000c0000000, 0x00000000c4300000, 0x00000000eab00000)
  object space 68608K, 12% used [0x00000000c0000000,0x00000000c0849ab0,0x00000000c4300000)
 Metaspace       used 15458K, committed 16000K, reserved 1114112K
  class space    used 1541K, committed 1792K, reserved 1048576K
}

Dll operation events (10 events):
Event: 0.021 Loaded shared library c:\Users\1009120\.vscode\extensions\redhat.java-1.42.0-win32-x64\jre\21.0.7-win32-x86_64\bin\java.dll
Event: 0.064 Loaded shared library c:\Users\1009120\.vscode\extensions\redhat.java-1.42.0-win32-x64\jre\21.0.7-win32-x86_64\bin\zip.dll
Event: 0.185 Loaded shared library C:\Users\1009120\.vscode\extensions\redhat.java-1.42.0-win32-x64\jre\21.0.7-win32-x86_64\bin\instrument.dll
Event: 0.190 Loaded shared library C:\Users\1009120\.vscode\extensions\redhat.java-1.42.0-win32-x64\jre\21.0.7-win32-x86_64\bin\net.dll
Event: 0.193 Loaded shared library C:\Users\1009120\.vscode\extensions\redhat.java-1.42.0-win32-x64\jre\21.0.7-win32-x86_64\bin\nio.dll
Event: 0.198 Loaded shared library C:\Users\1009120\.vscode\extensions\redhat.java-1.42.0-win32-x64\jre\21.0.7-win32-x86_64\bin\zip.dll
Event: 0.238 Loaded shared library C:\Users\1009120\.vscode\extensions\redhat.java-1.42.0-win32-x64\jre\21.0.7-win32-x86_64\bin\jimage.dll
Event: 0.362 Loaded shared library c:\Users\1009120\.vscode\extensions\redhat.java-1.42.0-win32-x64\jre\21.0.7-win32-x86_64\bin\verify.dll
Event: 2.572 Loaded shared library C:\Users\1009120\AppData\Roaming\Code\User\globalStorage\redhat.java\1.42.0\config_win\org.eclipse.equinox.launcher\org.eclipse.equinox.launcher.win32.win32.x86_64_1.2.1300.v20250331-1702\eclipse_11911.dll
Event: 4.742 Loaded shared library C:\Users\1009120\AppData\Local\Temp\jna-1958282439\jna9531170875731129276.dll

Deoptimization events (20 events):
Event: 4.326 Thread 0x0000027759ea3aa0 Uncommon trap: trap_request=0xffffff45 fr.pc=0x000002770d8880d8 relative=0x00000000000000b8
Event: 4.326 Thread 0x0000027759ea3aa0 Uncommon trap: reason=unstable_if action=reinterpret pc=0x000002770d8880d8 method=org.eclipse.osgi.container.ModuleRevisionBuilder.unmodifiableMap(Ljava/util/Map;)Ljava/util/Map; @ 27 c2
Event: 4.326 Thread 0x0000027759ea3aa0 DEOPT PACKING pc=0x000002770d8880d8 sp=0x000000cf45ff9870
Event: 4.326 Thread 0x0000027759ea3aa0 DEOPT UNPACKING pc=0x000002770d293aa2 sp=0x000000cf45ff97f0 mode 2
Event: 4.346 Thread 0x0000027759ea3aa0 Uncommon trap: trap_request=0xffffff45 fr.pc=0x000002770d905714 relative=0x0000000000000074
Event: 4.346 Thread 0x0000027759ea3aa0 Uncommon trap: reason=unstable_if action=reinterpret pc=0x000002770d905714 method=java.lang.ref.ReferenceQueue.poll()Ljava/lang/ref/Reference; @ 4 c2
Event: 4.346 Thread 0x0000027759ea3aa0 DEOPT PACKING pc=0x000002770d905714 sp=0x000000cf45ff86e0
Event: 4.346 Thread 0x0000027759ea3aa0 DEOPT UNPACKING pc=0x000002770d293aa2 sp=0x000000cf45ff8668 mode 2
Event: 4.370 Thread 0x0000027759ea3aa0 Uncommon trap: trap_request=0xffffff45 fr.pc=0x000002770d947630 relative=0x0000000000000170
Event: 4.370 Thread 0x0000027759ea3aa0 Uncommon trap: reason=unstable_if action=reinterpret pc=0x000002770d947630 method=java.io.DataInputStream.readFully([BII)V @ 37 c2
Event: 4.370 Thread 0x0000027759ea3aa0 DEOPT PACKING pc=0x000002770d947630 sp=0x000000cf45ff9510
Event: 4.370 Thread 0x0000027759ea3aa0 DEOPT UNPACKING pc=0x000002770d293aa2 sp=0x000000cf45ff94a0 mode 2
Event: 4.419 Thread 0x0000027759ea3aa0 Uncommon trap: trap_request=0xffffff45 fr.pc=0x000002770d813fa4 relative=0x0000000000000704
Event: 4.419 Thread 0x0000027759ea3aa0 Uncommon trap: reason=unstable_if action=reinterpret pc=0x000002770d813fa4 method=java.lang.String.replace(Ljava/lang/CharSequence;Ljava/lang/CharSequence;)Ljava/lang/String; @ 42 c2
Event: 4.419 Thread 0x0000027759ea3aa0 DEOPT PACKING pc=0x000002770d813fa4 sp=0x000000cf45ff7600
Event: 4.419 Thread 0x0000027759ea3aa0 DEOPT UNPACKING pc=0x000002770d293aa2 sp=0x000000cf45ff7580 mode 2
Event: 6.825 Thread 0x0000027759ea3aa0 Uncommon trap: trap_request=0xffffff45 fr.pc=0x000002770d93d928 relative=0x0000000000000088
Event: 6.825 Thread 0x0000027759ea3aa0 Uncommon trap: reason=unstable_if action=reinterpret pc=0x000002770d93d928 method=java.lang.ref.SoftReference.get()Ljava/lang/Object; @ 6 c2
Event: 6.825 Thread 0x0000027759ea3aa0 DEOPT PACKING pc=0x000002770d93d928 sp=0x000000cf45ff9780
Event: 6.825 Thread 0x0000027759ea3aa0 DEOPT UNPACKING pc=0x000002770d293aa2 sp=0x000000cf45ff9718 mode 2

Classes loaded (20 events):
Event: 4.743 Loading class jdk/internal/loader/NativeLibraries$Unloader
Event: 4.743 Loading class jdk/internal/loader/NativeLibraries$Unloader done
Event: 4.760 Loading class java/lang/reflect/UndeclaredThrowableException
Event: 4.760 Loading class java/lang/reflect/UndeclaredThrowableException done
Event: 4.760 Loading class java/lang/Class$AnnotationData
Event: 4.760 Loading class java/lang/Class$AnnotationData done
Event: 4.761 Loading class jdk/internal/reflect/MethodHandleIntegerFieldAccessorImpl
Event: 4.761 Loading class jdk/internal/reflect/MethodHandleIntegerFieldAccessorImpl done
Event: 4.769 Loading class java/io/PrintWriter
Event: 4.769 Loading class java/io/PrintWriter done
Event: 5.787 Loading class jdk/internal/reflect/MethodHandleShortFieldAccessorImpl
Event: 5.787 Loading class jdk/internal/reflect/MethodHandleShortFieldAccessorImpl done
Event: 5.787 Loading class java/lang/Short$ShortCache
Event: 5.787 Loading class java/lang/Short$ShortCache done
Event: 6.818 Loading class java/util/function/LongUnaryOperator
Event: 6.819 Loading class java/util/function/LongUnaryOperator done
Event: 6.819 Loading class java/lang/ThreadDeath
Event: 6.819 Loading class java/lang/ThreadDeath done
Event: 6.827 Loading class java/util/stream/SortedOps$SizedRefSortingSink
Event: 6.828 Loading class java/util/stream/SortedOps$SizedRefSortingSink done

Classes unloaded (0 events):
No events

Classes redefined (0 events):
No events

Internal exceptions (20 events):
Event: 4.098 Thread 0x0000027759ea3aa0 Exception <a 'java/lang/NoSuchMethodError'{0x00000000eb9e4c80}: 'void java.lang.invoke.DirectMethodHandle$Holder.invokeInterface(java.lang.Object, java.lang.Object, java.lang.Object)'> (0x00000000eb9e4c80) 
thrown [s\src\hotspot\share\interpreter\linkResolver.cpp, line 773]
Event: 4.222 Thread 0x0000027759ea3aa0 Exception <a 'java/lang/NoSuchMethodError'{0x00000000ebed0428}: 'java.lang.Object java.lang.invoke.DirectMethodHandle$Holder.invokeVirtual(java.lang.Object, java.lang.Object, java.lang.Object)'> (0x00000000ebed0428) 
thrown [s\src\hotspot\share\interpreter\linkResolver.cpp, line 773]
Event: 4.223 Thread 0x0000027759ea3aa0 Exception <a 'java/lang/NoSuchMethodError'{0x00000000ebee5618}: 'java.lang.Object java.lang.invoke.DelegatingMethodHandle$Holder.reinvoke_L(java.lang.Object, java.lang.Object, java.lang.Object, java.lang.Object, int, int)'> (0x00000000ebee5618) 
thrown [s\src\hotspot\share\interpreter\linkResolver.cpp, line 773]
Event: 4.225 Thread 0x0000027759ea3aa0 Exception <a 'java/lang/NoSuchMethodError'{0x00000000ebf02398}: 'java.lang.Object java.lang.invoke.DirectMethodHandle$Holder.newInvokeSpecial(java.lang.Object, java.lang.Object, java.lang.Object, java.lang.Object, java.lang.Object, java.lang.Object)'> (0x00000000ebf02398) 
thrown [s\src\hotspot\share\interpreter\linkResolver.cpp, line 773]
Event: 4.228 Thread 0x0000027759ea3aa0 Exception <a 'java/lang/NoSuchMethodError'{0x00000000ebf2e870}: 'void java.lang.invoke.Invokers$Holder.invokeExact_MT(java.lang.Object, java.lang.Object, java.lang.Object, java.lang.Object)'> (0x00000000ebf2e870) 
thrown [s\src\hotspot\share\interpreter\linkResolver.cpp, line 773]
Event: 4.315 Thread 0x0000027759ea3aa0 Exception <a 'java/io/FileNotFoundException'{0x00000000ec1d7a28}> (0x00000000ec1d7a28) 
thrown [s\src\hotspot\share\prims\jni.cpp, line 520]
Event: 4.316 Thread 0x0000027759ea3aa0 Exception <a 'java/io/FileNotFoundException'{0x00000000ec1df5a8}> (0x00000000ec1df5a8) 
thrown [s\src\hotspot\share\prims\jni.cpp, line 520]
Event: 4.364 Thread 0x0000027759ea3aa0 Exception <a 'java/lang/NoSuchMethodError'{0x00000000eabb3e38}: 'java.lang.Object java.lang.invoke.DirectMethodHandle$Holder.newInvokeSpecial(java.lang.Object, java.lang.Object, java.lang.Object, java.lang.Object, java.lang.Object)'> (0x00000000eabb3e38) 
thrown [s\src\hotspot\share\interpreter\linkResolver.cpp, line 773]
Event: 4.388 Thread 0x0000027759ea3aa0 Exception <a 'java/lang/NoSuchMethodError'{0x00000000eadb5e70}: 'java.lang.Object java.lang.invoke.DirectMethodHandle$Holder.invokeStaticInit(java.lang.Object, int)'> (0x00000000eadb5e70) 
thrown [s\src\hotspot\share\interpreter\linkResolver.cpp, line 773]
Event: 4.422 Thread 0x0000027759ea3aa0 Exception <a 'java/lang/NoSuchMethodError'{0x00000000eb022c60}: 'java.lang.Object java.lang.invoke.DirectMethodHandle$Holder.invokeStaticInit(java.lang.Object, int, int, int, int)'> (0x00000000eb022c60) 
thrown [s\src\hotspot\share\interpreter\linkResolver.cpp, line 773]
Event: 4.499 Thread 0x0000027759ea3aa0 Exception <a 'java/lang/NoSuchMethodError'{0x00000000eb179418}: 'java.lang.Object java.lang.invoke.DirectMethodHandle$Holder.invokeStaticInit(java.lang.Object, java.lang.Object, int, int, int, int)'> (0x00000000eb179418) 
thrown [s\src\hotspot\share\interpreter\linkResolver.cpp, line 773]
Event: 4.761 Thread 0x0000027759ea3aa0 Exception <a 'java/lang/NoSuchMethodError'{0x00000000eb297670}: 'void java.lang.invoke.DirectMethodHandle$Holder.invokeSpecial(java.lang.Object, java.lang.Object, java.lang.Object, int)'> (0x00000000eb297670) 
thrown [s\src\hotspot\share\interpreter\linkResolver.cpp, line 773]
Event: 4.761 Thread 0x0000027759ea3aa0 Exception <a 'java/lang/NoSuchMethodError'{0x00000000eb29b000}: 'void java.lang.invoke.DelegatingMethodHandle$Holder.reinvoke_L(java.lang.Object, java.lang.Object, int)'> (0x00000000eb29b000) 
thrown [s\src\hotspot\share\interpreter\linkResolver.cpp, line 773]
Event: 4.762 Thread 0x0000027759ea3aa0 Exception <a 'java/lang/NoSuchMethodError'{0x00000000eb2a1ce8}: 'int java.lang.invoke.Invokers$Holder.invokeExact_MT(java.lang.Object, java.lang.Object, java.lang.Object)'> (0x00000000eb2a1ce8) 
thrown [s\src\hotspot\share\interpreter\linkResolver.cpp, line 773]
Event: 5.789 Thread 0x0000027759ea3aa0 Exception <a 'java/lang/NoSuchMethodError'{0x00000000eb442490}: 'void java.lang.invoke.Invokers$Holder.invokeExact_MT(java.lang.Object, java.lang.Object, int, java.lang.Object)'> (0x00000000eb442490) 
thrown [s\src\hotspot\share\interpreter\linkResolver.cpp, line 773]
Event: 6.817 Thread 0x0000027759ea3aa0 Exception <a 'java/lang/NoSuchMethodError'{0x00000000eb5640c8}: 'java.lang.Object java.lang.invoke.DirectMethodHandle$Holder.invokeSpecial(java.lang.Object, java.lang.Object, java.lang.Object, long, java.lang.Object)'> (0x00000000eb5640c8) 
thrown [s\src\hotspot\share\interpreter\linkResolver.cpp, line 773]
Event: 6.817 Thread 0x0000027759ea3aa0 Exception <a 'java/lang/NoSuchMethodError'{0x00000000eb56b858}: 'java.lang.Object java.lang.invoke.DirectMethodHandle$Holder.newInvokeSpecial(java.lang.Object, java.lang.Object, java.lang.Object, long)'> (0x00000000eb56b858) 
thrown [s\src\hotspot\share\interpreter\linkResolver.cpp, line 773]
Event: 6.818 Thread 0x0000027759ea3aa0 Exception <a 'java/lang/NoSuchMethodError'{0x00000000eb56f4d8}: 'java.lang.Object java.lang.invoke.Invokers$Holder.linkToTargetMethod(java.lang.Object, java.lang.Object, long, java.lang.Object)'> (0x00000000eb56f4d8) 
thrown [s\src\hotspot\share\interpreter\linkResolver.cpp, line 773]
Event: 6.826 Thread 0x0000027759ea3aa0 Exception <a 'java/lang/NoSuchMethodError'{0x00000000eb5d0128}: 'int java.lang.invoke.DirectMethodHandle$Holder.invokeStaticInit(java.lang.Object, java.lang.Object, java.lang.Object)'> (0x00000000eb5d0128) 
thrown [s\src\hotspot\share\interpreter\linkResolver.cpp, line 773]
Event: 6.836 Thread 0x0000027759ea3aa0 Exception <a 'java/lang/IncompatibleClassChangeError'{0x00000000eb684628}: Found class java.lang.Object, but interface was expected> (0x00000000eb684628) 
thrown [s\src\hotspot\share\interpreter\linkResolver.cpp, line 840]

ZGC Phase Switch (0 events):
No events

VM Operations (20 events):
Event: 3.666 Executing VM operation: HandshakeAllThreads (Deoptimize)
Event: 3.666 Executing VM operation: HandshakeAllThreads (Deoptimize) done
Event: 3.778 Executing VM operation: ParallelGCFailedAllocation (Allocation Failure)
Event: 3.781 Executing VM operation: ParallelGCFailedAllocation (Allocation Failure) done
Event: 4.220 Executing VM operation: ICBufferFull
Event: 4.220 Executing VM operation: ICBufferFull done
Event: 4.327 Executing VM operation: HandshakeAllThreads (Deoptimize)
Event: 4.327 Executing VM operation: HandshakeAllThreads (Deoptimize) done
Event: 4.340 Executing VM operation: ParallelGCFailedAllocation (Allocation Failure)
Event: 4.344 Executing VM operation: ParallelGCFailedAllocation (Allocation Failure) done
Event: 4.399 Executing VM operation: HandshakeAllThreads (Deoptimize)
Event: 4.399 Executing VM operation: HandshakeAllThreads (Deoptimize) done
Event: 4.478 Executing VM operation: HandshakeAllThreads (Deoptimize)
Event: 4.478 Executing VM operation: HandshakeAllThreads (Deoptimize) done
Event: 4.752 Executing VM operation: HandshakeAllThreads (Deoptimize)
Event: 4.752 Executing VM operation: HandshakeAllThreads (Deoptimize) done
Event: 5.750 Executing VM operation: Cleanup
Event: 5.781 Executing VM operation: Cleanup done
Event: 6.781 Executing VM operation: Cleanup
Event: 6.781 Executing VM operation: Cleanup done

Memory protections (0 events):
No events

Nmethod flushes (0 events):
No events

Events (20 events):
Event: 0.114 Thread 0x000002770280beb0 Thread added: 0x00000277593b71f0
Event: 0.721 Thread 0x000002770280beb0 Thread added: 0x0000027759600cf0
Event: 0.879 Thread 0x0000027759336530 Thread added: 0x0000027759653c70
Event: 1.923 Thread 0x000002770280beb0 Thread added: 0x0000027759efdbc0
Event: 2.499 Thread 0x0000027759653c70 Thread exited: 0x0000027759653c70
Event: 2.534 Thread 0x00000277175f7950 Thread added: 0x0000027759653c70
Event: 2.561 Thread 0x000002770280beb0 Thread added: 0x000002775964f6a0
Event: 2.713 Thread 0x000002775964f6a0 Thread added: 0x0000027759e9a090
Event: 2.729 Thread 0x000002770280beb0 Thread added: 0x0000027759ea3aa0
Event: 2.812 Thread 0x0000027759653c70 Thread exited: 0x0000027759653c70
Event: 2.940 Thread 0x0000027759336530 Thread added: 0x000002775e1b7c70
Event: 3.219 Thread 0x0000027759ea3aa0 Thread added: 0x000002775e1ad520
Event: 3.552 Thread 0x0000027759ea3aa0 Thread added: 0x000002775e1ac170
Event: 3.653 Thread 0x0000027759ea3aa0 Thread added: 0x000002775e1ace90
Event: 3.701 Thread 0x000002775e1b7c70 Thread exited: 0x000002775e1b7c70
Event: 3.907 Thread 0x0000027759336530 Thread added: 0x000002775e436720
Event: 4.103 Thread 0x0000027759ea3aa0 Thread added: 0x000002775e1aadc0
Event: 4.749 Thread 0x000002775e436720 Thread exited: 0x000002775e436720
Event: 4.767 Thread 0x0000027759ea3aa0 Thread added: 0x000002775e1aa730
Event: 6.820 Thread 0x0000027759ea3aa0 Thread added: 0x000002775e1ab450


Dynamic libraries:
0x00007ff616190000 - 0x00007ff61619e000 	c:\Users\1009120\.vscode\extensions\redhat.java-1.42.0-win32-x64\jre\21.0.7-win32-x86_64\bin\java.exe
0x00007ffab30c0000 - 0x00007ffab3326000 	C:\WINDOWS\SYSTEM32\ntdll.dll
0x00007ffab0e80000 - 0x00007ffab0f49000 	C:\WINDOWS\System32\KERNEL32.DLL
0x00007ffab0860000 - 0x00007ffab0c2c000 	C:\WINDOWS\System32\KERNELBASE.dll
0x00007ffab04d0000 - 0x00007ffab061b000 	C:\WINDOWS\System32\ucrtbase.dll
0x00007ffaa2410000 - 0x00007ffaa242e000 	c:\Users\1009120\.vscode\extensions\redhat.java-1.42.0-win32-x64\jre\21.0.7-win32-x86_64\bin\VCRUNTIME140.dll
0x00007ffaa6000000 - 0x00007ffaa6018000 	c:\Users\1009120\.vscode\extensions\redhat.java-1.42.0-win32-x64\jre\21.0.7-win32-x86_64\bin\jli.dll
0x00007ffab13b0000 - 0x00007ffab157a000 	C:\WINDOWS\System32\USER32.dll
0x00007ffa9ef70000 - 0x00007ffa9f20a000 	C:\WINDOWS\WinSxS\amd64_microsoft.windows.common-controls_6595b64144ccf1df_6.0.26100.3912_none_3e07963ce335137e\COMCTL32.dll
0x00007ffab1120000 - 0x00007ffab11c9000 	C:\WINDOWS\System32\msvcrt.dll
0x00007ffab0cd0000 - 0x00007ffab0cf7000 	C:\WINDOWS\System32\win32u.dll
0x00007ffab11f0000 - 0x00007ffab121b000 	C:\WINDOWS\System32\GDI32.dll
0x00007ffab0390000 - 0x00007ffab04c2000 	C:\WINDOWS\System32\gdi32full.dll
0x00007ffab0250000 - 0x00007ffab02f3000 	C:\WINDOWS\System32\msvcp_win.dll
0x00007ffab2170000 - 0x00007ffab21a0000 	C:\WINDOWS\System32\IMM32.DLL
0x00007ffa837f0000 - 0x00007ffa838a1000 	C:\Program Files\McAfee\Endpoint Security\Threat Prevention\Ips\EpMPApi.dll
0x00007ffab0f50000 - 0x00007ffab1066000 	C:\WINDOWS\System32\RPCRT4.dll
0x00007ffab2950000 - 0x00007ffab2a02000 	C:\WINDOWS\System32\ADVAPI32.dll
0x00007ffab1070000 - 0x00007ffab1116000 	C:\WINDOWS\System32\sechost.dll
0x00007ffab0300000 - 0x00007ffab0380000 	C:\WINDOWS\System32\WINTRUST.dll
0x00007ffab0620000 - 0x00007ffab0797000 	C:\WINDOWS\System32\CRYPT32.dll
0x00007ffaaf940000 - 0x00007ffaaf953000 	C:\WINDOWS\SYSTEM32\MSASN1.dll
0x00000000624c0000 - 0x00000000624cc000 	C:\Program Files\McAfee\Endpoint Security\Threat Prevention\Ips\EpMPThe.dll
0x00007ffa83790000 - 0x00007ffa837eb000 	C:\Program Files\McAfee\Endpoint Security\Threat Prevention\Ips\HIPHandlers64.dll
0x00007ffab2220000 - 0x00007ffab294d000 	C:\WINDOWS\System32\SHELL32.dll
0x00007ffab0d00000 - 0x00007ffab0e74000 	C:\WINDOWS\System32\wintypes.dll
0x00007ffab1db0000 - 0x00007ffab2134000 	C:\WINDOWS\System32\combase.dll
0x00007ffab1990000 - 0x00007ffab19f9000 	C:\WINDOWS\System32\SHLWAPI.dll
0x00007ffaae780000 - 0x00007ffaae7b3000 	C:\WINDOWS\SYSTEM32\IPHLPAPI.DLL
0x00007ffaad470000 - 0x00007ffaad6b1000 	C:\WINDOWS\SYSTEM32\dbghelp.dll
0x00007ffab12b0000 - 0x00007ffab1390000 	C:\WINDOWS\System32\OLEAUT32.dll
0x00007ffaad410000 - 0x00007ffaad41c000 	c:\Users\1009120\.vscode\extensions\redhat.java-1.42.0-win32-x64\jre\21.0.7-win32-x86_64\bin\vcruntime140_1.dll
0x00007ffa9c130000 - 0x00007ffa9c1bd000 	c:\Users\1009120\.vscode\extensions\redhat.java-1.42.0-win32-x64\jre\21.0.7-win32-x86_64\bin\msvcp140.dll
0x00007ffa6e400000 - 0x00007ffa6f190000 	c:\Users\1009120\.vscode\extensions\redhat.java-1.42.0-win32-x64\jre\21.0.7-win32-x86_64\bin\server\jvm.dll
0x00007ffab1a00000 - 0x00007ffab1a74000 	C:\WINDOWS\System32\WS2_32.dll
0x00007ffab00c0000 - 0x00007ffab011e000 	C:\WINDOWS\SYSTEM32\POWRPROF.dll
0x00007ffaa2280000 - 0x00007ffaa22b6000 	C:\WINDOWS\SYSTEM32\WINMM.dll
0x00007ffaa5760000 - 0x00007ffaa576b000 	C:\WINDOWS\SYSTEM32\VERSION.dll
0x00007ffab00a0000 - 0x00007ffab00b4000 	C:\WINDOWS\SYSTEM32\UMPDC.dll
0x00007ffaaefd0000 - 0x00007ffaaefea000 	C:\WINDOWS\SYSTEM32\kernel.appcore.dll
0x00007ffaa1a50000 - 0x00007ffaa1a5a000 	c:\Users\1009120\.vscode\extensions\redhat.java-1.42.0-win32-x64\jre\21.0.7-win32-x86_64\bin\jimage.dll
0x00007ffaa0d00000 - 0x00007ffaa0d39000 	C:\WINDOWS\SYSTEM32\dbgcore.DLL
0x00007ffab0c30000 - 0x00007ffab0cc9000 	C:\WINDOWS\System32\bcryptPrimitives.dll
0x00007ffaa16f0000 - 0x00007ffaa16ff000 	c:\Users\1009120\.vscode\extensions\redhat.java-1.42.0-win32-x64\jre\21.0.7-win32-x86_64\bin\instrument.dll
0x00007ffaa0d40000 - 0x00007ffaa0d5f000 	c:\Users\1009120\.vscode\extensions\redhat.java-1.42.0-win32-x64\jre\21.0.7-win32-x86_64\bin\java.dll
0x00007ffaadc90000 - 0x00007ffaae4e6000 	C:\WINDOWS\SYSTEM32\windows.storage.dll
0x00007ffab1a80000 - 0x00007ffab1b6f000 	C:\WINDOWS\System32\SHCORE.dll
0x00007ffab0160000 - 0x00007ffab018f000 	C:\WINDOWS\SYSTEM32\profapi.dll
0x00007ffa9eab0000 - 0x00007ffa9eac8000 	c:\Users\1009120\.vscode\extensions\redhat.java-1.42.0-win32-x64\jre\21.0.7-win32-x86_64\bin\zip.dll
0x00007ffaa16e0000 - 0x00007ffaa16f0000 	C:\Users\1009120\.vscode\extensions\redhat.java-1.42.0-win32-x64\jre\21.0.7-win32-x86_64\bin\net.dll
0x00007ffaaa670000 - 0x00007ffaaa78e000 	C:\WINDOWS\SYSTEM32\WINHTTP.dll
0x00007ffaaf520000 - 0x00007ffaaf58a000 	C:\WINDOWS\system32\mswsock.dll
0x00007ffa9ea60000 - 0x00007ffa9ea76000 	C:\Users\1009120\.vscode\extensions\redhat.java-1.42.0-win32-x64\jre\21.0.7-win32-x86_64\bin\nio.dll
0x00007ffa9ea20000 - 0x00007ffa9ea30000 	c:\Users\1009120\.vscode\extensions\redhat.java-1.42.0-win32-x64\jre\21.0.7-win32-x86_64\bin\verify.dll
0x00007ffa9ca30000 - 0x00007ffa9ca75000 	C:\Users\1009120\AppData\Roaming\Code\User\globalStorage\redhat.java\1.42.0\config_win\org.eclipse.equinox.launcher\org.eclipse.equinox.launcher.win32.win32.x86_64_1.2.1300.v20250331-1702\eclipse_11911.dll
0x00007ffab1610000 - 0x00007ffab17af000 	C:\WINDOWS\System32\ole32.dll
0x00007ffaaf8e0000 - 0x00007ffaaf8fc000 	C:\WINDOWS\SYSTEM32\CRYPTSP.dll
0x00007ffaaef30000 - 0x00007ffaaef6a000 	C:\WINDOWS\system32\rsaenh.dll
0x00007ffaaf5c0000 - 0x00007ffaaf5eb000 	C:\WINDOWS\SYSTEM32\USERENV.dll
0x00007ffab0130000 - 0x00007ffab0156000 	C:\WINDOWS\SYSTEM32\bcrypt.dll
0x00007ffaaf750000 - 0x00007ffaaf75c000 	C:\WINDOWS\SYSTEM32\CRYPTBASE.dll
0x00007ffab1220000 - 0x00007ffab122a000 	C:\WINDOWS\System32\NSI.dll
0x00007ffa8fe80000 - 0x00007ffa8fec9000 	C:\Users\1009120\AppData\Local\Temp\jna-1958282439\jna9531170875731129276.dll
0x00007ffab1b80000 - 0x00007ffab1b88000 	C:\WINDOWS\System32\PSAPI.DLL

dbghelp: loaded successfully - version: 4.0.5 - missing functions: none
symbol engine: initialized successfully - sym options: 0x614 - pdb path: .;c:\Users\1009120\.vscode\extensions\redhat.java-1.42.0-win32-x64\jre\21.0.7-win32-x86_64\bin;C:\WINDOWS\SYSTEM32;C:\WINDOWS\WinSxS\amd64_microsoft.windows.common-controls_6595b64144ccf1df_6.0.26100.3912_none_3e07963ce335137e;C:\Program Files\McAfee\Endpoint Security\Threat Prevention\Ips;c:\Users\1009120\.vscode\extensions\redhat.java-1.42.0-win32-x64\jre\21.0.7-win32-x86_64\bin\server;C:\Users\1009120\AppData\Roaming\Code\User\globalStorage\redhat.java\1.42.0\config_win\org.eclipse.equinox.launcher\org.eclipse.equinox.launcher.win32.win32.x86_64_1.2.1300.v20250331-1702;C:\Users\1009120\AppData\Local\Temp\jna-1958282439

VM Arguments:
jvm_args: --add-modules=ALL-SYSTEM --add-opens=java.base/java.util=ALL-UNNAMED --add-opens=java.base/java.lang=ALL-UNNAMED --add-opens=java.base/sun.nio.fs=ALL-UNNAMED -Declipse.application=org.eclipse.jdt.ls.core.id1 -Dosgi.bundles.defaultStartLevel=4 -Declipse.product=org.eclipse.jdt.ls.core.product -Djava.import.generatesMetadataFilesAtProjectRoot=false -DDetectVMInstallationsJob.disabled=true -Dfile.encoding=eucjp -XX:+UseParallelGC -XX:GCTimeRatio=4 -XX:AdaptiveSizePolicyWeight=90 -Dsun.zip.disableMemoryMapping=true -Xmx1G -Xms100m -Xlog:disable -javaagent:c:\Users\1009120\.vscode\extensions\redhat.java-1.42.0-win32-x64\lombok\lombok-1.18.36.jar -XX:+HeapDumpOnOutOfMemoryError -XX:HeapDumpPath=c:\Users\1009120\AppData\Roaming\Code\User\workspaceStorage\840727110d61c81bbd5af45acf1c68f6\redhat.java -Daether.dependencyCollector.impl=bf 
java_command: c:\Users\1009120\.vscode\extensions\redhat.java-1.42.0-win32-x64\server\plugins\org.eclipse.equinox.launcher_1.7.0.v20250424-1814.jar -configuration c:\Users\1009120\AppData\Roaming\Code\User\globalStorage\redhat.java\1.42.0\config_win -data c:\Users\1009120\AppData\Roaming\Code\User\workspaceStorage\840727110d61c81bbd5af45acf1c68f6\redhat.java\jdt_ws --pipe=\\.\pipe\lsp-dfc477ee4b6fc9f1325d1c062d3e5012-sock
java_class_path (initial): c:\Users\1009120\.vscode\extensions\redhat.java-1.42.0-win32-x64\server\plugins\org.eclipse.equinox.launcher_1.7.0.v20250424-1814.jar
Launcher Type: SUN_STANDARD

[Global flags]
    uintx AdaptiveSizePolicyWeight                 = 90                                        {product} {command line}
     intx CICompilerCount                          = 3                                         {product} {ergonomic}
    uintx GCTimeRatio                              = 4                                         {product} {command line}
     bool HeapDumpOnOutOfMemoryError               = true                                   {manageable} {command line}
    ccstr HeapDumpPath                             = c:\Users\1009120\AppData\Roaming\Code\User\workspaceStorage\840727110d61c81bbd5af45acf1c68f6\redhat.java         {manageable} {command line}
   size_t InitialHeapSize                          = 104857600                                 {product} {command line}
   size_t MaxHeapSize                              = 1073741824                                {product} {command line}
   size_t MaxNewSize                               = 357564416                                 {product} {ergonomic}
   size_t MinHeapDeltaBytes                        = 524288                                    {product} {ergonomic}
   size_t MinHeapSize                              = 104857600                                 {product} {command line}
   size_t NewSize                                  = 34603008                                  {product} {ergonomic}
    uintx NonNMethodCodeHeapSize                   = 5832780                                {pd product} {ergonomic}
    uintx NonProfiledCodeHeapSize                  = 122912730                              {pd product} {ergonomic}
   size_t OldSize                                  = 70254592                                  {product} {ergonomic}
    uintx ProfiledCodeHeapSize                     = 122912730                              {pd product} {ergonomic}
    uintx ReservedCodeCacheSize                    = 251658240                              {pd product} {ergonomic}
     bool SegmentedCodeCache                       = true                                      {product} {ergonomic}
   size_t SoftMaxHeapSize                          = 1073741824                             {manageable} {ergonomic}
     bool UseCompressedOops                        = true                           {product lp64_product} {ergonomic}
     bool UseLargePagesIndividualAllocation        = false                                  {pd product} {ergonomic}
     bool UseParallelGC                            = true                                      {product} {command line}

Logging:
Log output configuration:
 #0: stdout all=off uptime,level,tags foldmultilines=false
 #1: stderr all=off uptime,level,tags foldmultilines=false

Environment Variables:
PATH=C:\Program Files\Eclipse Adoptium\jdk-21.0.7.6-hotspot\bin;C:\Program Files\Common Files\Oracle\Java\javapath;C:\WINDOWS\system32;C:\WINDOWS;C:\WINDOWS\System32\Wbem;C:\WINDOWS\System32\WindowsPowerShell\v1.0\;C:\WINDOWS\System32\OpenSSH\;C:\Program Files\TortoiseSVN\bin;C:\Program Files (x86)\WinMerge;C:\Program Files\dotnet\;C:\Program Files (x86)\mingw64\bin;C:\Program Files\Calibre2\;C:\Program Files\nodejs\;C:\Users\1009120\AppData\Local\Microsoft\WindowsApps;C:\Users\1009120\AppData\Local\Programs\Microsoft VS Code\bin;C:\Program Files (x86)\mingw64\bin;C:\Users\1009120\AppData\Roaming\npm;D:\teams_download\apache-maven-3.9.9-bin\apache-maven-3.9.9\bin;
USERNAME=1009120
OS=Windows_NT
PROCESSOR_IDENTIFIER=Intel64 Family 6 Model 158 Stepping 11, GenuineIntel
TMP=C:\Users\1009120\AppData\Local\Temp
TEMP=C:\Users\1009120\AppData\Local\Temp




Periodic native trim disabled

---------------  S Y S T E M  ---------------

OS:
 Windows 11 , 64 bit Build 26100 (10.0.26100.3912)
OS uptime: 9 days 15:25 hours
Hyper-V role detected

CPU: total 4 (initial active 4) (4 cores per cpu, 1 threads per core) family 6 model 158 stepping 11 microcode 0xde, cx8, cmov, fxsr, mmx, 3dnowpref, sse, sse2, sse3, ssse3, sse4.1, sse4.2, popcnt, lzcnt, tsc, tscinvbit, avx, avx2, aes, erms, clmul, bmi1, bmi2, adx, fma, vzeroupper, clflush, clflushopt, hv, rdtscp, f16c
Processor Information for the first 4 processors :
  Max Mhz: 3600, Current Mhz: 3600, Mhz Limit: 3600

Memory: 4k page, system-wide physical 16160M (1340M free)
TotalPageFile size 35122M (AvailPageFile size 4M)
current process WorkingSet (physical memory assigned to process): 133M, peak: 133M
current process commit charge ("private bytes"): 224M, peak: 225M

vm_info: OpenJDK 64-Bit Server VM (21.0.7+6-LTS) for windows-amd64 JRE (21.0.7+6-LTS), built on 2025-04-15T00:00:00Z by "admin" with MS VC++ 17.7 (VS2022)

END.
