#
# There is insufficient memory for the Java Runtime Environment to continue.
# Native memory allocation (malloc) failed to allocate 1236416 bytes. Error detail: Chunk::new
# Possible reasons:
#   The system is out of physical RAM or swap space
#   This process is running with CompressedOops enabled, and the Java Heap may be blocking the growth of the native heap
# Possible solutions:
#   Reduce memory load on the system
#   Increase physical memory or swap space
#   Check if swap backing store is full
#   Decrease Java heap size (-Xmx/-Xms)
#   Decrease number of Java threads
#   Decrease Java thread stack sizes (-Xss)
#   Set larger code cache with -XX:ReservedCodeCacheSize=
#   JVM is running with Unscaled Compressed Oops mode in which the Java heap is
#     placed in the first 4GB address space. The Java Heap base address is the
#     maximum limit for the native heap growth. Please use -XX:HeapBaseMinAddress
#     to set the Java Heap base and to place the Java Heap above 4GB virtual address.
# This output file may be truncated or incomplete.
#
#  Out of Memory Error (arena.cpp:168), pid=23364, tid=4320
#
# JRE version: OpenJDK Runtime Environment Temurin-21.0.7+6 (21.0.7+6) (build 21.0.7+6-LTS)
# Java VM: OpenJDK 64-Bit Server VM Temurin-21.0.7+6 (21.0.7+6-LTS, mixed mode, sharing, tiered, compressed oops, compressed class ptrs, parallel gc, windows-amd64)
# No core dump will be written. Minidumps are not enabled by default on client versions of Windows
#

---------------  S U M M A R Y ------------

Command Line: --add-modules=ALL-SYSTEM --add-opens=java.base/java.util=ALL-UNNAMED --add-opens=java.base/java.lang=ALL-UNNAMED --add-opens=java.base/sun.nio.fs=ALL-UNNAMED -Declipse.application=org.eclipse.jdt.ls.core.id1 -Dosgi.bundles.defaultStartLevel=4 -Declipse.product=org.eclipse.jdt.ls.core.product -Djava.import.generatesMetadataFilesAtProjectRoot=false -DDetectVMInstallationsJob.disabled=true -Dfile.encoding=eucjp -XX:+UseParallelGC -XX:GCTimeRatio=4 -XX:AdaptiveSizePolicyWeight=90 -Dsun.zip.disableMemoryMapping=true -Xmx1G -Xms100m -Xlog:disable -javaagent:c:\Users\1009120\.vscode\extensions\redhat.java-1.42.0-win32-x64\lombok\lombok-1.18.36.jar -XX:+HeapDumpOnOutOfMemoryError -XX:HeapDumpPath=c:\Users\1009120\AppData\Roaming\Code\User\workspaceStorage\840727110d61c81bbd5af45acf1c68f6\redhat.java -Daether.dependencyCollector.impl=bf c:\Users\1009120\.vscode\extensions\redhat.java-1.42.0-win32-x64\server\plugins\org.eclipse.equinox.launcher_1.7.0.v20250424-1814.jar -configuration c:\Users\1009120\AppData\Roaming\Code\User\globalStorage\redhat.java\1.42.0\config_win -data c:\Users\1009120\AppData\Roaming\Code\User\workspaceStorage\840727110d61c81bbd5af45acf1c68f6\redhat.java\jdt_ws --pipe=\\.\pipe\lsp-83528ee56413a2f3102c8214d9b4eff9-sock

Host: Intel(R) Core(TM) i3-8100 CPU @ 3.60GHz, 4 cores, 15G,  Windows 11 , 64 bit Build 26100 (10.0.26100.3912)
Time: Thu Jun  5 16:12:50 2025  Windows 11 , 64 bit Build 26100 (10.0.26100.3912) elapsed time: 20.368760 seconds (0d 0h 0m 20s)

---------------  T H R E A D  ---------------

Current thread (0x00000151e8529d30):  JavaThread "C2 CompilerThread0" daemon [_thread_in_native, id=4320, stack(0x0000002eecc00000,0x0000002eecd00000) (1024K)]


Current CompileTask:
C2:20368 3365       4       java.lang.invoke.MethodType::makeImpl (109 bytes)

Stack: [0x0000002eecc00000,0x0000002eecd00000]
Native frames: (J=compiled Java code, j=interpreted, Vv=VM code, C=native code)
V  [jvm.dll+0x6ce119]
V  [jvm.dll+0x8a84a1]
V  [jvm.dll+0x8aa9ce]
V  [jvm.dll+0x8ab0b3]
V  [jvm.dll+0x27f8a6]
V  [jvm.dll+0xc507d]
V  [jvm.dll+0xc55b3]
V  [jvm.dll+0x3b692c]
V  [jvm.dll+0x1e0029]
V  [jvm.dll+0x247c42]
V  [jvm.dll+0x2470cf]
V  [jvm.dll+0x1c760e]
V  [jvm.dll+0x25695a]
V  [jvm.dll+0x254efa]
V  [jvm.dll+0x3f03f6]
V  [jvm.dll+0x851f6b]
V  [jvm.dll+0x6cc7dd]
C  [ucrtbase.dll+0x37b0]
C  [KERNEL32.DLL+0x2e8d7]
C  [ntdll.dll+0x9c5dc]


---------------  P R O C E S S  ---------------

Threads class SMR info:
_java_thread_list=0x00000151e96861a0, length=24, elements={
0x00000151d41ebfb0, 0x00000151e8511180, 0x00000151e8516910, 0x00000151e851b410,
0x00000151e851c060, 0x00000151e8523530, 0x00000151e8528fb0, 0x00000151e8529d30,
0x00000151e858c5a0, 0x00000151e92ff700, 0x00000151e931d870, 0x00000151e9b6bd70,
0x00000151e9c17c90, 0x00000151e9c67f50, 0x00000151e9c685b0, 0x00000151e9db1a10,
0x00000151e9db0660, 0x00000151e9db1380, 0x00000151e9db2730, 0x00000151e9db3ae0,
0x00000151e9db0cf0, 0x00000151e9db2dc0, 0x00000151e9db3450, 0x00000151eefc4710
}

Java Threads: ( => current thread )
  0x00000151d41ebfb0 JavaThread "main"                              [_thread_blocked, id=29716, stack(0x0000002eec200000,0x0000002eec300000) (1024K)]
  0x00000151e8511180 JavaThread "Reference Handler"          daemon [_thread_blocked, id=8092, stack(0x0000002eec600000,0x0000002eec700000) (1024K)]
  0x00000151e8516910 JavaThread "Finalizer"                  daemon [_thread_blocked, id=13696, stack(0x0000002eec700000,0x0000002eec800000) (1024K)]
  0x00000151e851b410 JavaThread "Signal Dispatcher"          daemon [_thread_blocked, id=27616, stack(0x0000002eec800000,0x0000002eec900000) (1024K)]
  0x00000151e851c060 JavaThread "Attach Listener"            daemon [_thread_blocked, id=23292, stack(0x0000002eec900000,0x0000002eeca00000) (1024K)]
  0x00000151e8523530 JavaThread "Service Thread"             daemon [_thread_blocked, id=16084, stack(0x0000002eeca00000,0x0000002eecb00000) (1024K)]
  0x00000151e8528fb0 JavaThread "Monitor Deflation Thread"   daemon [_thread_blocked, id=8324, stack(0x0000002eecb00000,0x0000002eecc00000) (1024K)]
=>0x00000151e8529d30 JavaThread "C2 CompilerThread0"         daemon [_thread_in_native, id=4320, stack(0x0000002eecc00000,0x0000002eecd00000) (1024K)]
  0x00000151e858c5a0 JavaThread "C1 CompilerThread0"         daemon [_thread_in_native, id=13100, stack(0x0000002eecd00000,0x0000002eece00000) (1024K)]
  0x00000151e92ff700 JavaThread "Common-Cleaner"             daemon [_thread_blocked, id=15300, stack(0x0000002eece00000,0x0000002eecf00000) (1024K)]
  0x00000151e931d870 JavaThread "Notification Thread"        daemon [_thread_blocked, id=5824, stack(0x0000002eecf00000,0x0000002eed000000) (1024K)]
  0x00000151e9b6bd70 JavaThread "Active Thread: Equinox Container: f93230f2-bb4d-4433-9adf-8074443bd99d"        [_thread_blocked, id=10928, stack(0x0000002eed400000,0x0000002eed500000) (1024K)]
  0x00000151e9c17c90 JavaThread "Refresh Thread: Equinox Container: f93230f2-bb4d-4433-9adf-8074443bd99d" daemon [_thread_blocked, id=13560, stack(0x0000002eed000000,0x0000002eed100000) (1024K)]
  0x00000151e9c67f50 JavaThread "Framework Event Dispatcher: Equinox Container: f93230f2-bb4d-4433-9adf-8074443bd99d" daemon [_thread_blocked, id=28808, stack(0x0000002eed500000,0x0000002eed600000) (1024K)]
  0x00000151e9c685b0 JavaThread "Start Level: Equinox Container: f93230f2-bb4d-4433-9adf-8074443bd99d" daemon [_thread_in_Java, id=29540, stack(0x0000002eed600000,0x0000002eed700000) (1024K)]
  0x00000151e9db1a10 JavaThread "Bundle File Closer"         daemon [_thread_blocked, id=21720, stack(0x0000002eed700000,0x0000002eed800000) (1024K)]
  0x00000151e9db0660 JavaThread "SCR Component Actor"        daemon [_thread_blocked, id=16804, stack(0x0000002eed800000,0x0000002eed900000) (1024K)]
  0x00000151e9db1380 JavaThread "SCR Component Registry"     daemon [_thread_blocked, id=32144, stack(0x0000002eed900000,0x0000002eeda00000) (1024K)]
  0x00000151e9db2730 JavaThread "Worker-JM"                         [_thread_blocked, id=22672, stack(0x0000002eeda00000,0x0000002eedb00000) (1024K)]
  0x00000151e9db3ae0 JavaThread "JNA Cleaner"                daemon [_thread_blocked, id=26152, stack(0x0000002eedb00000,0x0000002eedc00000) (1024K)]
  0x00000151e9db0cf0 JavaThread "Worker-0: Checking project encoding"        [_thread_blocked, id=968, stack(0x0000002eedc00000,0x0000002eedd00000) (1024K)]
  0x00000151e9db2dc0 JavaThread "Worker-1: Refreshing workspace"        [_thread_blocked, id=19800, stack(0x0000002eedd00000,0x0000002eede00000) (1024K)]
  0x00000151e9db3450 JavaThread "Worker-2"                          [_thread_blocked, id=22620, stack(0x0000002eede00000,0x0000002eedf00000) (1024K)]
  0x00000151eefc4710 JavaThread "C2 CompilerThread1"         daemon [_thread_blocked, id=18728, stack(0x0000002eedf00000,0x0000002eee000000) (1024K)]
Total: 24

Other Threads:
  0x00000151e8510970 VMThread "VM Thread"                           [id=14824, stack(0x0000002eec500000,0x0000002eec600000) (1024K)]
  0x00000151e84aca10 WatcherThread "VM Periodic Task Thread"        [id=13716, stack(0x0000002eec400000,0x0000002eec500000) (1024K)]
  0x00000151d4202080 WorkerThread "GC Thread#0"                     [id=9760, stack(0x0000002eec300000,0x0000002eec400000) (1024K)]
  0x00000151e9592400 WorkerThread "GC Thread#1"                     [id=11216, stack(0x0000002eed100000,0x0000002eed200000) (1024K)]
  0x00000151e97170a0 WorkerThread "GC Thread#2"                     [id=12896, stack(0x0000002eed200000,0x0000002eed300000) (1024K)]
  0x00000151e9717440 WorkerThread "GC Thread#3"                     [id=24928, stack(0x0000002eed300000,0x0000002eed400000) (1024K)]
Total: 6

Threads with active compile tasks:
C2 CompilerThread0  20433 3365       4       java.lang.invoke.MethodType::makeImpl (109 bytes)
C1 CompilerThread0  20433 3629       3       org.objectweb.asm.ClassReader::readMethod (1070 bytes)
Total: 2

VM state: not at safepoint (normal execution)

VM Mutex/Monitor currently owned by a thread: None

Heap address: 0x00000000c0000000, size: 1024 MB, Compressed Oops mode: 32-bit

CDS archive(s) mapped at: [0x0000015180000000-0x0000015180ba0000-0x0000015180ba0000), size 12189696, SharedBaseAddress: 0x0000015180000000, ArchiveRelocationMode: 1.
Compressed class space mapped at: 0x0000015181000000-0x00000151c1000000, reserved size: 1073741824
Narrow klass base: 0x0000015180000000, Narrow klass shift: 0, Narrow klass range: 0x100000000

GC Precious Log:
 CardTable entry size: 512
 CPUs: 4 total, 4 available
 Memory: 16160M
 Large Page Support: Disabled
 NUMA Support: Disabled
 Compressed Oops: Enabled (32-bit)
 Alignments: Space 512K, Generation 512K, Heap 2M
 Heap Min Capacity: 100M
 Heap Initial Capacity: 100M
 Heap Max Capacity: 1G
 Pre-touch: Disabled
 Parallel Workers: 4

Heap:
 PSYoungGen      total 29184K, used 28175K [0x00000000eab00000, 0x00000000ece80000, 0x0000000100000000)
  eden space 25088K, 96% used [0x00000000eab00000,0x00000000ec2855e0,0x00000000ec380000)
  from space 4096K, 99% used [0x00000000ec400000,0x00000000ec7fe628,0x00000000ec800000)
  to   space 5632K, 0% used [0x00000000ec900000,0x00000000ec900000,0x00000000ece80000)
 ParOldGen       total 68608K, used 8140K [0x00000000c0000000, 0x00000000c4300000, 0x00000000eab00000)
  object space 68608K, 11% used [0x00000000c0000000,0x00000000c07f3328,0x00000000c4300000)
 Metaspace       used 18381K, committed 19072K, reserved 1114112K
  class space    used 1864K, committed 2176K, reserved 1048576K

Card table byte_map: [0x00000151d3b40000,0x00000151d3d50000] _byte_map_base: 0x00000151d3540000

Marking Bits: (ParMarkBitMap*) 0x00007ffa6f0b31f0
 Begin Bits: [0x00000151e6390000, 0x00000151e7390000)
 End Bits:   [0x00000151e7390000, 0x00000151e8390000)

Polling page: 0x00000151d19c0000

Metaspace:

Usage:
  Non-class:     16.13 MB used.
      Class:      1.82 MB used.
       Both:     17.95 MB used.

Virtual space:
  Non-class space:       64.00 MB reserved,      16.50 MB ( 26%) committed,  1 nodes.
      Class space:        1.00 GB reserved,       2.12 MB ( <1%) committed,  1 nodes.
             Both:        1.06 GB reserved,      18.62 MB (  2%) committed. 

Chunk freelists:
   Non-Class:  15.50 MB
       Class:  13.84 MB
        Both:  29.34 MB

MaxMetaspaceSize: unlimited
CompressedClassSpaceSize: 1.00 GB
Initial GC threshold: 21.00 MB
Current GC threshold: 21.00 MB
CDS: on
 - commit_granule_bytes: 65536.
 - commit_granule_words: 8192.
 - virtual_space_node_default_size: 8388608.
 - enlarge_chunks_in_place: 1.
 - use_allocation_guard: 0.


Internal statistics:

num_allocs_failed_limit: 0.
num_arena_births: 560.
num_arena_deaths: 0.
num_vsnodes_births: 2.
num_vsnodes_deaths: 0.
num_space_committed: 298.
num_space_uncommitted: 0.
num_chunks_returned_to_freelist: 0.
num_chunks_taken_from_freelist: 1211.
num_chunk_merges: 0.
num_chunk_splits: 800.
num_chunks_enlarged: 530.
num_inconsistent_stats: 0.

CodeHeap 'non-profiled nmethods': size=120000Kb used=1555Kb max_used=1555Kb free=118444Kb
 bounds [0x00000151dee60000, 0x00000151df0d0000, 0x00000151e6390000]
CodeHeap 'profiled nmethods': size=120000Kb used=7484Kb max_used=7484Kb free=112515Kb
 bounds [0x00000151d7390000, 0x00000151d7ae0000, 0x00000151de8c0000]
CodeHeap 'non-nmethods': size=5760Kb used=1279Kb max_used=1298Kb free=4480Kb
 bounds [0x00000151de8c0000, 0x00000151deb30000, 0x00000151dee60000]
 total_blobs=4187 nmethods=3627 adapters=466
 compilation: enabled
              stopped_count=0, restarted_count=0
 full_count=0

Compilation events (20 events):
Event: 19.357 Thread 0x00000151e858c5a0 3508       3       org.objectweb.asm.Frame::pop (44 bytes)
Event: 19.357 Thread 0x00000151e858c5a0 nmethod 3508 0x00000151d7a87b90 code [0x00000151d7a87d40, 0x00000151d7a87ed8]
Event: 19.357 Thread 0x00000151e858c5a0 3509       3       org.objectweb.asm.Label::addLineNumber (106 bytes)
Event: 19.357 Thread 0x00000151e858c5a0 nmethod 3509 0x00000151d7a87f90 code [0x00000151d7a88160, 0x00000151d7a885e8]
Event: 19.358 Thread 0x00000151e858c5a0 3510       3       org.objectweb.asm.tree.MethodNode::visitLineNumber (21 bytes)
Event: 19.358 Thread 0x00000151e858c5a0 nmethod 3510 0x00000151d7a88790 code [0x00000151d7a889a0, 0x00000151d7a89160]
Event: 19.358 Thread 0x00000151e858c5a0 3513       3       org.objectweb.asm.Type::getArgumentCount (67 bytes)
Event: 19.359 Thread 0x00000151e858c5a0 nmethod 3513 0x00000151d7a89410 code [0x00000151d7a89700, 0x00000151d7a8a830]
Event: 19.359 Thread 0x00000151e858c5a0 3514       3       org.objectweb.asm.MethodVisitor::<init> (79 bytes)
Event: 19.359 Thread 0x00000151e858c5a0 nmethod 3514 0x00000151d7a8af10 code [0x00000151d7a8b160, 0x00000151d7a8ba10]
Event: 19.359 Thread 0x00000151e858c5a0 3512       3       org.objectweb.asm.ByteVector::<init> (13 bytes)
Event: 19.359 Thread 0x00000151e858c5a0 nmethod 3512 0x00000151d7a8bd10 code [0x00000151d7a8bec0, 0x00000151d7a8c0e0]
Event: 19.359 Thread 0x00000151e858c5a0 3511       3       org.objectweb.asm.tree.LineNumberNode::<init> (16 bytes)
Event: 19.359 Thread 0x00000151e858c5a0 nmethod 3511 0x00000151d7a8c190 code [0x00000151d7a8c340, 0x00000151d7a8c538]
Event: 19.359 Thread 0x00000151e858c5a0 3515       1       org.objectweb.asm.tree.InsnList::size (5 bytes)
Event: 19.359 Thread 0x00000151e858c5a0 nmethod 3515 0x00000151defdd390 code [0x00000151defdd520, 0x00000151defdd5e8]
Event: 19.360 Thread 0x00000151e858c5a0 3516       3       org.objectweb.asm.MethodWriter::visitAbstractType (8 bytes)
Event: 19.360 Thread 0x00000151e858c5a0 nmethod 3516 0x00000151d7a8c610 code [0x00000151d7a8c7c0, 0x00000151d7a8c8f8]
Event: 20.287 Thread 0x00000151e858c5a0 3517       3       java.util.concurrent.locks.AbstractQueuedSynchronizer$Node::<init> (5 bytes)
Event: 20.287 Thread 0x00000151e858c5a0 nmethod 3517 0x00000151d7a8ca10 code [0x00000151d7a8cbc0, 0x00000151d7a8cd28]

GC Heap History (10 events):
Event: 1.730 GC heap before
{Heap before GC invocations=1 (full 0):
 PSYoungGen      total 29696K, used 25600K [0x00000000eab00000, 0x00000000ecc00000, 0x0000000100000000)
  eden space 25600K, 100% used [0x00000000eab00000,0x00000000ec400000,0x00000000ec400000)
  from space 4096K, 0% used [0x00000000ec800000,0x00000000ec800000,0x00000000ecc00000)
  to   space 4096K, 0% used [0x00000000ec400000,0x00000000ec400000,0x00000000ec800000)
 ParOldGen       total 68608K, used 0K [0x00000000c0000000, 0x00000000c4300000, 0x00000000eab00000)
  object space 68608K, 0% used [0x00000000c0000000,0x00000000c0000000,0x00000000c4300000)
 Metaspace       used 4385K, committed 4608K, reserved 1114112K
  class space    used 463K, committed 576K, reserved 1048576K
}
Event: 1.736 GC heap after
{Heap after GC invocations=1 (full 0):
 PSYoungGen      total 29696K, used 3387K [0x00000000eab00000, 0x00000000ecc00000, 0x0000000100000000)
  eden space 25600K, 0% used [0x00000000eab00000,0x00000000eab00000,0x00000000ec400000)
  from space 4096K, 82% used [0x00000000ec400000,0x00000000ec74ee80,0x00000000ec800000)
  to   space 4096K, 0% used [0x00000000ec800000,0x00000000ec800000,0x00000000ecc00000)
 ParOldGen       total 68608K, used 16K [0x00000000c0000000, 0x00000000c4300000, 0x00000000eab00000)
  object space 68608K, 0% used [0x00000000c0000000,0x00000000c0004000,0x00000000c4300000)
 Metaspace       used 4385K, committed 4608K, reserved 1114112K
  class space    used 463K, committed 576K, reserved 1048576K
}
Event: 5.558 GC heap before
{Heap before GC invocations=2 (full 0):
 PSYoungGen      total 29696K, used 28987K [0x00000000eab00000, 0x00000000ecc00000, 0x0000000100000000)
  eden space 25600K, 100% used [0x00000000eab00000,0x00000000ec400000,0x00000000ec400000)
  from space 4096K, 82% used [0x00000000ec400000,0x00000000ec74ee80,0x00000000ec800000)
  to   space 4096K, 0% used [0x00000000ec800000,0x00000000ec800000,0x00000000ecc00000)
 ParOldGen       total 68608K, used 16K [0x00000000c0000000, 0x00000000c4300000, 0x00000000eab00000)
  object space 68608K, 0% used [0x00000000c0000000,0x00000000c0004000,0x00000000c4300000)
 Metaspace       used 8127K, committed 8448K, reserved 1114112K
  class space    used 821K, committed 960K, reserved 1048576K
}
Event: 5.563 GC heap after
{Heap after GC invocations=2 (full 0):
 PSYoungGen      total 29696K, used 4073K [0x00000000eab00000, 0x00000000ecc00000, 0x0000000100000000)
  eden space 25600K, 0% used [0x00000000eab00000,0x00000000eab00000,0x00000000ec400000)
  from space 4096K, 99% used [0x00000000ec800000,0x00000000ecbfa7f8,0x00000000ecc00000)
  to   space 4096K, 0% used [0x00000000ec400000,0x00000000ec400000,0x00000000ec800000)
 ParOldGen       total 68608K, used 1871K [0x00000000c0000000, 0x00000000c4300000, 0x00000000eab00000)
  object space 68608K, 2% used [0x00000000c0000000,0x00000000c01d3eb8,0x00000000c4300000)
 Metaspace       used 8127K, committed 8448K, reserved 1114112K
  class space    used 821K, committed 960K, reserved 1048576K
}
Event: 8.749 GC heap before
{Heap before GC invocations=3 (full 0):
 PSYoungGen      total 29696K, used 29661K [0x00000000eab00000, 0x00000000ecc00000, 0x0000000100000000)
  eden space 25600K, 99% used [0x00000000eab00000,0x00000000ec3fccb0,0x00000000ec400000)
  from space 4096K, 99% used [0x00000000ec800000,0x00000000ecbfa7f8,0x00000000ecc00000)
  to   space 4096K, 0% used [0x00000000ec400000,0x00000000ec400000,0x00000000ec800000)
 ParOldGen       total 68608K, used 1871K [0x00000000c0000000, 0x00000000c4300000, 0x00000000eab00000)
  object space 68608K, 2% used [0x00000000c0000000,0x00000000c01d3eb8,0x00000000c4300000)
 Metaspace       used 9420K, committed 9792K, reserved 1114112K
  class space    used 971K, committed 1152K, reserved 1048576K
}
Event: 8.754 GC heap after
{Heap after GC invocations=3 (full 0):
 PSYoungGen      total 29696K, used 4083K [0x00000000eab00000, 0x00000000ecc00000, 0x0000000100000000)
  eden space 25600K, 0% used [0x00000000eab00000,0x00000000eab00000,0x00000000ec400000)
  from space 4096K, 99% used [0x00000000ec400000,0x00000000ec7fcdd0,0x00000000ec800000)
  to   space 4096K, 0% used [0x00000000ec800000,0x00000000ec800000,0x00000000ecc00000)
 ParOldGen       total 68608K, used 5288K [0x00000000c0000000, 0x00000000c4300000, 0x00000000eab00000)
  object space 68608K, 7% used [0x00000000c0000000,0x00000000c052a200,0x00000000c4300000)
 Metaspace       used 9420K, committed 9792K, reserved 1114112K
  class space    used 971K, committed 1152K, reserved 1048576K
}
Event: 16.854 GC heap before
{Heap before GC invocations=4 (full 0):
 PSYoungGen      total 29696K, used 29683K [0x00000000eab00000, 0x00000000ecc00000, 0x0000000100000000)
  eden space 25600K, 100% used [0x00000000eab00000,0x00000000ec400000,0x00000000ec400000)
  from space 4096K, 99% used [0x00000000ec400000,0x00000000ec7fcdd0,0x00000000ec800000)
  to   space 4096K, 0% used [0x00000000ec800000,0x00000000ec800000,0x00000000ecc00000)
 ParOldGen       total 68608K, used 5288K [0x00000000c0000000, 0x00000000c4300000, 0x00000000eab00000)
  object space 68608K, 7% used [0x00000000c0000000,0x00000000c052a200,0x00000000c4300000)
 Metaspace       used 12263K, committed 12672K, reserved 1114112K
  class space    used 1256K, committed 1472K, reserved 1048576K
}
Event: 16.858 GC heap after
{Heap after GC invocations=4 (full 0):
 PSYoungGen      total 29696K, used 4092K [0x00000000eab00000, 0x00000000ecc00000, 0x0000000100000000)
  eden space 25600K, 0% used [0x00000000eab00000,0x00000000eab00000,0x00000000ec400000)
  from space 4096K, 99% used [0x00000000ec800000,0x00000000ecbff228,0x00000000ecc00000)
  to   space 4096K, 0% used [0x00000000ec400000,0x00000000ec400000,0x00000000ec800000)
 ParOldGen       total 68608K, used 7077K [0x00000000c0000000, 0x00000000c4300000, 0x00000000eab00000)
  object space 68608K, 10% used [0x00000000c0000000,0x00000000c06e94f0,0x00000000c4300000)
 Metaspace       used 12263K, committed 12672K, reserved 1114112K
  class space    used 1256K, committed 1472K, reserved 1048576K
}
Event: 17.476 GC heap before
{Heap before GC invocations=5 (full 0):
 PSYoungGen      total 29696K, used 29692K [0x00000000eab00000, 0x00000000ecc00000, 0x0000000100000000)
  eden space 25600K, 100% used [0x00000000eab00000,0x00000000ec400000,0x00000000ec400000)
  from space 4096K, 99% used [0x00000000ec800000,0x00000000ecbff228,0x00000000ecc00000)
  to   space 4096K, 0% used [0x00000000ec400000,0x00000000ec400000,0x00000000ec800000)
 ParOldGen       total 68608K, used 7077K [0x00000000c0000000, 0x00000000c4300000, 0x00000000eab00000)
  object space 68608K, 10% used [0x00000000c0000000,0x00000000c06e94f0,0x00000000c4300000)
 Metaspace       used 15438K, committed 16000K, reserved 1114112K
  class space    used 1540K, committed 1792K, reserved 1048576K
}
Event: 17.479 GC heap after
{Heap after GC invocations=5 (full 0):
 PSYoungGen      total 29184K, used 4089K [0x00000000eab00000, 0x00000000ece80000, 0x0000000100000000)
  eden space 25088K, 0% used [0x00000000eab00000,0x00000000eab00000,0x00000000ec380000)
  from space 4096K, 99% used [0x00000000ec400000,0x00000000ec7fe628,0x00000000ec800000)
  to   space 5632K, 0% used [0x00000000ec900000,0x00000000ec900000,0x00000000ece80000)
 ParOldGen       total 68608K, used 8140K [0x00000000c0000000, 0x00000000c4300000, 0x00000000eab00000)
  object space 68608K, 11% used [0x00000000c0000000,0x00000000c07f3328,0x00000000c4300000)
 Metaspace       used 15438K, committed 16000K, reserved 1114112K
  class space    used 1540K, committed 1792K, reserved 1048576K
}

Dll operation events (10 events):
Event: 0.018 Loaded shared library c:\Users\1009120\.vscode\extensions\redhat.java-1.42.0-win32-x64\jre\21.0.7-win32-x86_64\bin\java.dll
Event: 0.121 Loaded shared library c:\Users\1009120\.vscode\extensions\redhat.java-1.42.0-win32-x64\jre\21.0.7-win32-x86_64\bin\zip.dll
Event: 0.306 Loaded shared library C:\Users\1009120\.vscode\extensions\redhat.java-1.42.0-win32-x64\jre\21.0.7-win32-x86_64\bin\instrument.dll
Event: 0.311 Loaded shared library C:\Users\1009120\.vscode\extensions\redhat.java-1.42.0-win32-x64\jre\21.0.7-win32-x86_64\bin\net.dll
Event: 0.315 Loaded shared library C:\Users\1009120\.vscode\extensions\redhat.java-1.42.0-win32-x64\jre\21.0.7-win32-x86_64\bin\nio.dll
Event: 0.319 Loaded shared library C:\Users\1009120\.vscode\extensions\redhat.java-1.42.0-win32-x64\jre\21.0.7-win32-x86_64\bin\zip.dll
Event: 0.334 Loaded shared library C:\Users\1009120\.vscode\extensions\redhat.java-1.42.0-win32-x64\jre\21.0.7-win32-x86_64\bin\jimage.dll
Event: 0.419 Loaded shared library c:\Users\1009120\.vscode\extensions\redhat.java-1.42.0-win32-x64\jre\21.0.7-win32-x86_64\bin\verify.dll
Event: 5.557 Loaded shared library C:\Users\1009120\AppData\Roaming\Code\User\globalStorage\redhat.java\1.42.0\config_win\org.eclipse.equinox.launcher\org.eclipse.equinox.launcher.win32.win32.x86_64_1.2.1300.v20250331-1702\eclipse_11911.dll
Event: 17.982 Loaded shared library C:\Users\1009120\AppData\Local\Temp\jna-1958282439\jna9567892458871611504.dll

Deoptimization events (20 events):
Event: 17.611 Thread 0x00000151e9c685b0 Uncommon trap: trap_request=0xffffffde fr.pc=0x00000151defc8418 relative=0x00000000000005d8
Event: 17.611 Thread 0x00000151e9c685b0 Uncommon trap: reason=class_check action=maybe_recompile pc=0x00000151defc8418 method=java.util.regex.Pattern$Start.match(Ljava/util/regex/Matcher;ILjava/lang/CharSequence;)Z @ 44 c2
Event: 17.611 Thread 0x00000151e9c685b0 DEOPT PACKING pc=0x00000151defc8418 sp=0x0000002eed6f7e50
Event: 17.611 Thread 0x00000151e9c685b0 DEOPT UNPACKING pc=0x00000151de913aa2 sp=0x0000002eed6f7d90 mode 2
Event: 17.612 Thread 0x00000151e9c685b0 Uncommon trap: trap_request=0xffffff45 fr.pc=0x00000151def2d174 relative=0x0000000000000054
Event: 17.612 Thread 0x00000151e9c685b0 Uncommon trap: reason=unstable_if action=reinterpret pc=0x00000151def2d174 method=sun.nio.fs.WindowsPathParser.isSlash(C)Z @ 9 c2
Event: 17.612 Thread 0x00000151e9c685b0 DEOPT PACKING pc=0x00000151def2d174 sp=0x0000002eed6f8e70
Event: 17.612 Thread 0x00000151e9c685b0 DEOPT UNPACKING pc=0x00000151de913aa2 sp=0x0000002eed6f8df8 mode 2
Event: 17.671 Thread 0x00000151e9c685b0 Uncommon trap: trap_request=0xffffff45 fr.pc=0x00000151dee953e8 relative=0x00000000000006a8
Event: 17.671 Thread 0x00000151e9c685b0 Uncommon trap: reason=unstable_if action=reinterpret pc=0x00000151dee953e8 method=java.lang.String.replace(Ljava/lang/CharSequence;Ljava/lang/CharSequence;)Ljava/lang/String; @ 42 c2
Event: 17.671 Thread 0x00000151e9c685b0 DEOPT PACKING pc=0x00000151dee953e8 sp=0x0000002eed6f7330
Event: 17.671 Thread 0x00000151e9c685b0 DEOPT UNPACKING pc=0x00000151de913aa2 sp=0x0000002eed6f72a0 mode 2
Event: 18.062 Thread 0x00000151e9c685b0 Uncommon trap: trap_request=0xffffff45 fr.pc=0x00000151def86394 relative=0x0000000000000074
Event: 18.062 Thread 0x00000151e9c685b0 Uncommon trap: reason=unstable_if action=reinterpret pc=0x00000151def86394 method=java.lang.ref.ReferenceQueue.poll()Ljava/lang/ref/Reference; @ 4 c2
Event: 18.062 Thread 0x00000151e9c685b0 DEOPT PACKING pc=0x00000151def86394 sp=0x0000002eed6f6930
Event: 18.062 Thread 0x00000151e9c685b0 DEOPT UNPACKING pc=0x00000151de913aa2 sp=0x0000002eed6f68b8 mode 2
Event: 18.072 Thread 0x00000151e9c685b0 Uncommon trap: trap_request=0xffffff45 fr.pc=0x00000151defbab28 relative=0x0000000000000088
Event: 18.072 Thread 0x00000151e9c685b0 Uncommon trap: reason=unstable_if action=reinterpret pc=0x00000151defbab28 method=java.lang.ref.SoftReference.get()Ljava/lang/Object; @ 6 c2
Event: 18.072 Thread 0x00000151e9c685b0 DEOPT PACKING pc=0x00000151defbab28 sp=0x0000002eed6f94a0
Event: 18.072 Thread 0x00000151e9c685b0 DEOPT UNPACKING pc=0x00000151de913aa2 sp=0x0000002eed6f9438 mode 2

Classes loaded (20 events):
Event: 18.019 Loading class java/lang/Short$ShortCache
Event: 18.019 Loading class java/lang/Short$ShortCache done
Event: 18.067 Loading class java/util/function/LongUnaryOperator
Event: 18.067 Loading class java/util/function/LongUnaryOperator done
Event: 18.068 Loading class java/lang/ThreadDeath
Event: 18.068 Loading class java/lang/ThreadDeath done
Event: 18.076 Loading class java/util/stream/SortedOps$SizedRefSortingSink
Event: 18.076 Loading class java/util/stream/SortedOps$SizedRefSortingSink done
Event: 19.258 Loading class java/util/concurrent/atomic/Striped64$1
Event: 19.258 Loading class java/util/concurrent/atomic/Striped64$1 done
Event: 19.312 Loading class java/util/BitSet
Event: 19.313 Loading class java/util/BitSet done
Event: 19.316 Loading class sun/net/www/protocol/jrt/JavaRuntimeURLConnection
Event: 19.316 Loading class sun/net/www/protocol/jrt/JavaRuntimeURLConnection done
Event: 19.317 Loading class sun/net/www/protocol/jrt/JavaRuntimeURLConnection$1
Event: 19.317 Loading class sun/net/www/protocol/jrt/JavaRuntimeURLConnection$1 done
Event: 19.346 Loading class java/util/function/UnaryOperator
Event: 19.346 Loading class java/util/function/UnaryOperator done
Event: 19.347 Loading class java/util/ServiceConfigurationError
Event: 19.348 Loading class java/util/ServiceConfigurationError done

Classes unloaded (0 events):
No events

Classes redefined (0 events):
No events

Internal exceptions (20 events):
Event: 17.387 Thread 0x00000151e9c685b0 Exception <a 'java/lang/NoSuchMethodError'{0x00000000ebf48030}: 'void java.lang.invoke.Invokers$Holder.invokeExact_MT(java.lang.Object, java.lang.Object, java.lang.Object, java.lang.Object)'> (0x00000000ebf48030) 
thrown [s\src\hotspot\share\interpreter\linkResolver.cpp, line 773]
Event: 17.447 Thread 0x00000151e9c685b0 Exception <a 'java/io/FileNotFoundException'{0x00000000ec1f04e0}> (0x00000000ec1f04e0) 
thrown [s\src\hotspot\share\prims\jni.cpp, line 520]
Event: 17.447 Thread 0x00000151e9c685b0 Exception <a 'java/io/FileNotFoundException'{0x00000000ec1f8060}> (0x00000000ec1f8060) 
thrown [s\src\hotspot\share\prims\jni.cpp, line 520]
Event: 17.621 Thread 0x00000151e9c685b0 Exception <a 'java/lang/NoSuchMethodError'{0x00000000eaf95db8}: 'java.lang.Object java.lang.invoke.DirectMethodHandle$Holder.invokeStaticInit(java.lang.Object, int)'> (0x00000000eaf95db8) 
thrown [s\src\hotspot\share\interpreter\linkResolver.cpp, line 773]
Event: 17.674 Thread 0x00000151e9c685b0 Exception <a 'java/lang/NoSuchMethodError'{0x00000000eb2057e0}: 'java.lang.Object java.lang.invoke.DirectMethodHandle$Holder.invokeStaticInit(java.lang.Object, int, int, int, int)'> (0x00000000eb2057e0) 
thrown [s\src\hotspot\share\interpreter\linkResolver.cpp, line 773]
Event: 17.709 Thread 0x00000151e9c685b0 Exception <a 'java/lang/NoSuchMethodError'{0x00000000eb35cae0}: 'java.lang.Object java.lang.invoke.DirectMethodHandle$Holder.invokeStaticInit(java.lang.Object, java.lang.Object, int, int, int, int)'> (0x00000000eb35cae0) 
thrown [s\src\hotspot\share\interpreter\linkResolver.cpp, line 773]
Event: 18.002 Thread 0x00000151e9c685b0 Exception <a 'java/lang/NoSuchMethodError'{0x00000000eb46aa78}: 'void java.lang.invoke.DirectMethodHandle$Holder.invokeSpecial(java.lang.Object, java.lang.Object, java.lang.Object, int)'> (0x00000000eb46aa78) 
thrown [s\src\hotspot\share\interpreter\linkResolver.cpp, line 773]
Event: 18.002 Thread 0x00000151e9c685b0 Exception <a 'java/lang/NoSuchMethodError'{0x00000000eb46e408}: 'void java.lang.invoke.DelegatingMethodHandle$Holder.reinvoke_L(java.lang.Object, java.lang.Object, int)'> (0x00000000eb46e408) 
thrown [s\src\hotspot\share\interpreter\linkResolver.cpp, line 773]
Event: 18.003 Thread 0x00000151e9c685b0 Exception <a 'java/lang/NoSuchMethodError'{0x00000000eb4750f0}: 'int java.lang.invoke.Invokers$Holder.invokeExact_MT(java.lang.Object, java.lang.Object, java.lang.Object)'> (0x00000000eb4750f0) 
thrown [s\src\hotspot\share\interpreter\linkResolver.cpp, line 773]
Event: 18.022 Thread 0x00000151e9c685b0 Exception <a 'java/lang/NoSuchMethodError'{0x00000000eb60f358}: 'void java.lang.invoke.Invokers$Holder.invokeExact_MT(java.lang.Object, java.lang.Object, int, java.lang.Object)'> (0x00000000eb60f358) 
thrown [s\src\hotspot\share\interpreter\linkResolver.cpp, line 773]
Event: 18.066 Thread 0x00000151e9c685b0 Exception <a 'java/lang/NoSuchMethodError'{0x00000000eb732620}: 'java.lang.Object java.lang.invoke.DirectMethodHandle$Holder.invokeSpecial(java.lang.Object, java.lang.Object, java.lang.Object, long, java.lang.Object)'> (0x00000000eb732620) 
thrown [s\src\hotspot\share\interpreter\linkResolver.cpp, line 773]
Event: 18.066 Thread 0x00000151e9c685b0 Exception <a 'java/lang/NoSuchMethodError'{0x00000000eb739db0}: 'java.lang.Object java.lang.invoke.DirectMethodHandle$Holder.newInvokeSpecial(java.lang.Object, java.lang.Object, java.lang.Object, long)'> (0x00000000eb739db0) 
thrown [s\src\hotspot\share\interpreter\linkResolver.cpp, line 773]
Event: 18.066 Thread 0x00000151e9c685b0 Exception <a 'java/lang/NoSuchMethodError'{0x00000000eb73da30}: 'java.lang.Object java.lang.invoke.Invokers$Holder.linkToTargetMethod(java.lang.Object, java.lang.Object, long, java.lang.Object)'> (0x00000000eb73da30) 
thrown [s\src\hotspot\share\interpreter\linkResolver.cpp, line 773]
Event: 18.074 Thread 0x00000151e9c685b0 Exception <a 'java/lang/NoSuchMethodError'{0x00000000eb7b3fc8}: 'int java.lang.invoke.DirectMethodHandle$Holder.invokeStaticInit(java.lang.Object, java.lang.Object, java.lang.Object)'> (0x00000000eb7b3fc8) 
thrown [s\src\hotspot\share\interpreter\linkResolver.cpp, line 773]
Event: 18.082 Thread 0x00000151e9c685b0 Exception <a 'java/lang/IncompatibleClassChangeError'{0x00000000eb853ad0}: Found class java.lang.Object, but interface was expected> (0x00000000eb853ad0) 
thrown [s\src\hotspot\share\interpreter\linkResolver.cpp, line 840]
Event: 18.094 Thread 0x00000151e9c685b0 Exception <a 'java/lang/NoSuchMethodError'{0x00000000eb872ce0}: 'java.lang.Object java.lang.invoke.DirectMethodHandle$Holder.invokeSpecial(java.lang.Object, java.lang.Object, java.lang.Object, int, java.lang.Object, java.lang.Object)'> (0x00000000eb872ce0) 
thrown [s\src\hotspot\share\interpreter\linkResolver.cpp, line 773]
Event: 18.222 Thread 0x00000151e9c685b0 Exception <a 'java/lang/NoSuchMethodError'{0x00000000eb87a5f0}: 'java.lang.Object java.lang.invoke.DirectMethodHandle$Holder.newInvokeSpecial(java.lang.Object, java.lang.Object, java.lang.Object, int, java.lang.Object)'> (0x00000000eb87a5f0) 
thrown [s\src\hotspot\share\interpreter\linkResolver.cpp, line 773]
Event: 18.223 Thread 0x00000151e9c685b0 Exception <a 'java/lang/NoSuchMethodError'{0x00000000eb87e0e0}: 'java.lang.Object java.lang.invoke.Invokers$Holder.linkToTargetMethod(java.lang.Object, java.lang.Object, int, java.lang.Object, java.lang.Object)'> (0x00000000eb87e0e0) 
thrown [s\src\hotspot\share\interpreter\linkResolver.cpp, line 773]
Event: 18.226 Thread 0x00000151e9db0cf0 Exception <a 'java/lang/NoSuchMethodError'{0x00000000eb7762f0}: 'java.lang.Object java.lang.invoke.DirectMethodHandle$Holder.invokeSpecial(java.lang.Object, java.lang.Object, int, java.lang.Object, java.lang.Object)'> (0x00000000eb7762f0) 
thrown [s\src\hotspot\share\interpreter\linkResolver.cpp, line 773]
Event: 19.260 Thread 0x00000151e9c685b0 Exception <a 'java/lang/NoSuchMethodError'{0x00000000eb9886d8}: 'void java.lang.invoke.DirectMethodHandle$Holder.invokeSpecial(java.lang.Object, java.lang.Object, java.lang.Object, java.lang.Object, java.lang.Object)'> (0x00000000eb9886d8) 
thrown [s\src\hotspot\share\interpreter\linkResolver.cpp, line 773]

ZGC Phase Switch (0 events):
No events

VM Operations (20 events):
Event: 16.854 Executing VM operation: ParallelGCFailedAllocation (Allocation Failure)
Event: 16.858 Executing VM operation: ParallelGCFailedAllocation (Allocation Failure) done
Event: 17.371 Executing VM operation: ICBufferFull
Event: 17.371 Executing VM operation: ICBufferFull done
Event: 17.460 Executing VM operation: HandshakeAllThreads (Deoptimize)
Event: 17.460 Executing VM operation: HandshakeAllThreads (Deoptimize) done
Event: 17.476 Executing VM operation: ParallelGCFailedAllocation (Allocation Failure)
Event: 17.479 Executing VM operation: ParallelGCFailedAllocation (Allocation Failure) done
Event: 17.646 Executing VM operation: HandshakeAllThreads (Deoptimize)
Event: 17.646 Executing VM operation: HandshakeAllThreads (Deoptimize) done
Event: 17.696 Executing VM operation: HandshakeAllThreads (Deoptimize)
Event: 17.696 Executing VM operation: HandshakeAllThreads (Deoptimize) done
Event: 17.990 Executing VM operation: HandshakeAllThreads (Deoptimize)
Event: 17.990 Executing VM operation: HandshakeAllThreads (Deoptimize) done
Event: 18.999 Executing VM operation: Cleanup
Event: 19.248 Executing VM operation: Cleanup done
Event: 19.317 Executing VM operation: HandshakeAllThreads (Deoptimize)
Event: 19.317 Executing VM operation: HandshakeAllThreads (Deoptimize) done
Event: 20.318 Executing VM operation: Cleanup
Event: 20.318 Executing VM operation: Cleanup done

Memory protections (0 events):
No events

Nmethod flushes (0 events):
No events

Events (20 events):
Event: 2.042 Thread 0x00000151e858c5a0 Thread added: 0x00000151e9800b60
Event: 2.361 Thread 0x00000151e9800b60 Thread exited: 0x00000151e9800b60
Event: 2.446 Thread 0x00000151e8529d30 Thread added: 0x00000151e976df90
Event: 2.597 Thread 0x00000151d41ebfb0 Thread added: 0x00000151e9b6bd70
Event: 2.914 Thread 0x00000151e976df90 Thread exited: 0x00000151e976df90
Event: 5.544 Thread 0x00000151d41ebfb0 Thread added: 0x00000151e9c17c90
Event: 5.602 Thread 0x00000151e9c17c90 Thread added: 0x00000151e9c67f50
Event: 5.605 Thread 0x00000151d41ebfb0 Thread added: 0x00000151e9c685b0
Event: 5.984 Thread 0x00000151e858c5a0 Thread added: 0x00000151e9cfe800
Event: 6.429 Thread 0x00000151e9cfe800 Thread exited: 0x00000151e9cfe800
Event: 8.877 Thread 0x00000151e9c685b0 Thread added: 0x00000151e9db1a10
Event: 16.376 Thread 0x00000151e9c685b0 Thread added: 0x00000151e9db0660
Event: 16.469 Thread 0x00000151e9c685b0 Thread added: 0x00000151e9db1380
Event: 17.300 Thread 0x00000151e9c685b0 Thread added: 0x00000151e9db2730
Event: 18.011 Thread 0x00000151e9c685b0 Thread added: 0x00000151e9db3ae0
Event: 18.069 Thread 0x00000151e9c685b0 Thread added: 0x00000151e9db0cf0
Event: 18.227 Thread 0x00000151e9db0cf0 Thread added: 0x00000151e9db2dc0
Event: 19.248 Thread 0x00000151e9db2dc0 Thread added: 0x00000151e9db3450
Event: 19.319 Thread 0x00000151e858c5a0 Thread added: 0x00000151ee1713a0
Event: 20.287 Thread 0x00000151ee1713a0 Thread exited: 0x00000151ee1713a0


Dynamic libraries:
0x00007ff616190000 - 0x00007ff61619e000 	c:\Users\1009120\.vscode\extensions\redhat.java-1.42.0-win32-x64\jre\21.0.7-win32-x86_64\bin\java.exe
0x00007ffab30c0000 - 0x00007ffab3326000 	C:\WINDOWS\SYSTEM32\ntdll.dll
0x00007ffab0e80000 - 0x00007ffab0f49000 	C:\WINDOWS\System32\KERNEL32.DLL
0x00007ffab0860000 - 0x00007ffab0c2c000 	C:\WINDOWS\System32\KERNELBASE.dll
0x00007ffab04d0000 - 0x00007ffab061b000 	C:\WINDOWS\System32\ucrtbase.dll
0x00007ffaa6000000 - 0x00007ffaa6018000 	c:\Users\1009120\.vscode\extensions\redhat.java-1.42.0-win32-x64\jre\21.0.7-win32-x86_64\bin\jli.dll
0x00007ffaa2410000 - 0x00007ffaa242e000 	c:\Users\1009120\.vscode\extensions\redhat.java-1.42.0-win32-x64\jre\21.0.7-win32-x86_64\bin\VCRUNTIME140.dll
0x00007ffab13b0000 - 0x00007ffab157a000 	C:\WINDOWS\System32\USER32.dll
0x00007ffa9ef70000 - 0x00007ffa9f20a000 	C:\WINDOWS\WinSxS\amd64_microsoft.windows.common-controls_6595b64144ccf1df_6.0.26100.3912_none_3e07963ce335137e\COMCTL32.dll
0x00007ffab1120000 - 0x00007ffab11c9000 	C:\WINDOWS\System32\msvcrt.dll
0x00007ffab11f0000 - 0x00007ffab121b000 	C:\WINDOWS\System32\GDI32.dll
0x00007ffab0cd0000 - 0x00007ffab0cf7000 	C:\WINDOWS\System32\win32u.dll
0x00007ffab0390000 - 0x00007ffab04c2000 	C:\WINDOWS\System32\gdi32full.dll
0x00007ffab0250000 - 0x00007ffab02f3000 	C:\WINDOWS\System32\msvcp_win.dll
0x00007ffab2170000 - 0x00007ffab21a0000 	C:\WINDOWS\System32\IMM32.DLL
0x00007ffa837f0000 - 0x00007ffa838a1000 	C:\Program Files\McAfee\Endpoint Security\Threat Prevention\Ips\EpMPApi.dll
0x00007ffab0f50000 - 0x00007ffab1066000 	C:\WINDOWS\System32\RPCRT4.dll
0x00007ffab2950000 - 0x00007ffab2a02000 	C:\WINDOWS\System32\ADVAPI32.dll
0x00007ffab1070000 - 0x00007ffab1116000 	C:\WINDOWS\System32\sechost.dll
0x00007ffab0300000 - 0x00007ffab0380000 	C:\WINDOWS\System32\WINTRUST.dll
0x00007ffab0620000 - 0x00007ffab0797000 	C:\WINDOWS\System32\CRYPT32.dll
0x00007ffaaf940000 - 0x00007ffaaf953000 	C:\WINDOWS\SYSTEM32\MSASN1.dll
0x00000000624c0000 - 0x00000000624cc000 	C:\Program Files\McAfee\Endpoint Security\Threat Prevention\Ips\EpMPThe.dll
0x00007ffa8f500000 - 0x00007ffa8f55b000 	C:\Program Files\McAfee\Endpoint Security\Threat Prevention\Ips\HIPHandlers64.dll
0x00007ffab2220000 - 0x00007ffab294d000 	C:\WINDOWS\System32\SHELL32.dll
0x00007ffab0d00000 - 0x00007ffab0e74000 	C:\WINDOWS\System32\wintypes.dll
0x00007ffab1db0000 - 0x00007ffab2134000 	C:\WINDOWS\System32\combase.dll
0x00007ffab1990000 - 0x00007ffab19f9000 	C:\WINDOWS\System32\SHLWAPI.dll
0x00007ffaae780000 - 0x00007ffaae7b3000 	C:\WINDOWS\SYSTEM32\IPHLPAPI.DLL
0x00007ffaad470000 - 0x00007ffaad6b1000 	C:\WINDOWS\SYSTEM32\dbghelp.dll
0x00007ffab12b0000 - 0x00007ffab1390000 	C:\WINDOWS\System32\OLEAUT32.dll
0x00007ffaad410000 - 0x00007ffaad41c000 	c:\Users\1009120\.vscode\extensions\redhat.java-1.42.0-win32-x64\jre\21.0.7-win32-x86_64\bin\vcruntime140_1.dll
0x00007ffa9c130000 - 0x00007ffa9c1bd000 	c:\Users\1009120\.vscode\extensions\redhat.java-1.42.0-win32-x64\jre\21.0.7-win32-x86_64\bin\msvcp140.dll
0x00007ffa6e400000 - 0x00007ffa6f190000 	c:\Users\1009120\.vscode\extensions\redhat.java-1.42.0-win32-x64\jre\21.0.7-win32-x86_64\bin\server\jvm.dll
0x00007ffab1a00000 - 0x00007ffab1a74000 	C:\WINDOWS\System32\WS2_32.dll
0x00007ffab00c0000 - 0x00007ffab011e000 	C:\WINDOWS\SYSTEM32\POWRPROF.dll
0x00007ffaa2280000 - 0x00007ffaa22b6000 	C:\WINDOWS\SYSTEM32\WINMM.dll
0x00007ffaa5760000 - 0x00007ffaa576b000 	C:\WINDOWS\SYSTEM32\VERSION.dll
0x00007ffab00a0000 - 0x00007ffab00b4000 	C:\WINDOWS\SYSTEM32\UMPDC.dll
0x00007ffaaefd0000 - 0x00007ffaaefea000 	C:\WINDOWS\SYSTEM32\kernel.appcore.dll
0x00007ffaa1a50000 - 0x00007ffaa1a5a000 	c:\Users\1009120\.vscode\extensions\redhat.java-1.42.0-win32-x64\jre\21.0.7-win32-x86_64\bin\jimage.dll
0x00007ffaa0d00000 - 0x00007ffaa0d39000 	C:\WINDOWS\SYSTEM32\dbgcore.DLL
0x00007ffab0c30000 - 0x00007ffab0cc9000 	C:\WINDOWS\System32\bcryptPrimitives.dll
0x00007ffaa16f0000 - 0x00007ffaa16ff000 	c:\Users\1009120\.vscode\extensions\redhat.java-1.42.0-win32-x64\jre\21.0.7-win32-x86_64\bin\instrument.dll
0x00007ffaa0d40000 - 0x00007ffaa0d5f000 	c:\Users\1009120\.vscode\extensions\redhat.java-1.42.0-win32-x64\jre\21.0.7-win32-x86_64\bin\java.dll
0x00007ffaadc90000 - 0x00007ffaae4e6000 	C:\WINDOWS\SYSTEM32\windows.storage.dll
0x00007ffab1a80000 - 0x00007ffab1b6f000 	C:\WINDOWS\System32\SHCORE.dll
0x00007ffab0160000 - 0x00007ffab018f000 	C:\WINDOWS\SYSTEM32\profapi.dll
0x00007ffa9eab0000 - 0x00007ffa9eac8000 	c:\Users\1009120\.vscode\extensions\redhat.java-1.42.0-win32-x64\jre\21.0.7-win32-x86_64\bin\zip.dll
0x00007ffaa16e0000 - 0x00007ffaa16f0000 	C:\Users\1009120\.vscode\extensions\redhat.java-1.42.0-win32-x64\jre\21.0.7-win32-x86_64\bin\net.dll
0x00007ffaaa670000 - 0x00007ffaaa78e000 	C:\WINDOWS\SYSTEM32\WINHTTP.dll
0x00007ffaaf520000 - 0x00007ffaaf58a000 	C:\WINDOWS\system32\mswsock.dll
0x00007ffa9ea60000 - 0x00007ffa9ea76000 	C:\Users\1009120\.vscode\extensions\redhat.java-1.42.0-win32-x64\jre\21.0.7-win32-x86_64\bin\nio.dll
0x00007ffa9ea20000 - 0x00007ffa9ea30000 	c:\Users\1009120\.vscode\extensions\redhat.java-1.42.0-win32-x64\jre\21.0.7-win32-x86_64\bin\verify.dll
0x00007ffa9ca30000 - 0x00007ffa9ca75000 	C:\Users\1009120\AppData\Roaming\Code\User\globalStorage\redhat.java\1.42.0\config_win\org.eclipse.equinox.launcher\org.eclipse.equinox.launcher.win32.win32.x86_64_1.2.1300.v20250331-1702\eclipse_11911.dll
0x00007ffab1610000 - 0x00007ffab17af000 	C:\WINDOWS\System32\ole32.dll
0x00007ffaaf8e0000 - 0x00007ffaaf8fc000 	C:\WINDOWS\SYSTEM32\CRYPTSP.dll
0x00007ffaaef30000 - 0x00007ffaaef6a000 	C:\WINDOWS\system32\rsaenh.dll
0x00007ffaaf5c0000 - 0x00007ffaaf5eb000 	C:\WINDOWS\SYSTEM32\USERENV.dll
0x00007ffab0130000 - 0x00007ffab0156000 	C:\WINDOWS\SYSTEM32\bcrypt.dll
0x00007ffaaf750000 - 0x00007ffaaf75c000 	C:\WINDOWS\SYSTEM32\CRYPTBASE.dll
0x00007ffab1220000 - 0x00007ffab122a000 	C:\WINDOWS\System32\NSI.dll
0x00007ffa8ad30000 - 0x00007ffa8ad79000 	C:\Users\1009120\AppData\Local\Temp\jna-1958282439\jna9567892458871611504.dll
0x00007ffab1b80000 - 0x00007ffab1b88000 	C:\WINDOWS\System32\PSAPI.DLL

dbghelp: loaded successfully - version: 4.0.5 - missing functions: none
symbol engine: initialized successfully - sym options: 0x614 - pdb path: .;c:\Users\1009120\.vscode\extensions\redhat.java-1.42.0-win32-x64\jre\21.0.7-win32-x86_64\bin;C:\WINDOWS\SYSTEM32;C:\WINDOWS\WinSxS\amd64_microsoft.windows.common-controls_6595b64144ccf1df_6.0.26100.3912_none_3e07963ce335137e;C:\Program Files\McAfee\Endpoint Security\Threat Prevention\Ips;c:\Users\1009120\.vscode\extensions\redhat.java-1.42.0-win32-x64\jre\21.0.7-win32-x86_64\bin\server;C:\Users\1009120\AppData\Roaming\Code\User\globalStorage\redhat.java\1.42.0\config_win\org.eclipse.equinox.launcher\org.eclipse.equinox.launcher.win32.win32.x86_64_1.2.1300.v20250331-1702;C:\Users\1009120\AppData\Local\Temp\jna-1958282439

VM Arguments:
jvm_args: --add-modules=ALL-SYSTEM --add-opens=java.base/java.util=ALL-UNNAMED --add-opens=java.base/java.lang=ALL-UNNAMED --add-opens=java.base/sun.nio.fs=ALL-UNNAMED -Declipse.application=org.eclipse.jdt.ls.core.id1 -Dosgi.bundles.defaultStartLevel=4 -Declipse.product=org.eclipse.jdt.ls.core.product -Djava.import.generatesMetadataFilesAtProjectRoot=false -DDetectVMInstallationsJob.disabled=true -Dfile.encoding=eucjp -XX:+UseParallelGC -XX:GCTimeRatio=4 -XX:AdaptiveSizePolicyWeight=90 -Dsun.zip.disableMemoryMapping=true -Xmx1G -Xms100m -Xlog:disable -javaagent:c:\Users\1009120\.vscode\extensions\redhat.java-1.42.0-win32-x64\lombok\lombok-1.18.36.jar -XX:+HeapDumpOnOutOfMemoryError -XX:HeapDumpPath=c:\Users\1009120\AppData\Roaming\Code\User\workspaceStorage\840727110d61c81bbd5af45acf1c68f6\redhat.java -Daether.dependencyCollector.impl=bf 
java_command: c:\Users\1009120\.vscode\extensions\redhat.java-1.42.0-win32-x64\server\plugins\org.eclipse.equinox.launcher_1.7.0.v20250424-1814.jar -configuration c:\Users\1009120\AppData\Roaming\Code\User\globalStorage\redhat.java\1.42.0\config_win -data c:\Users\1009120\AppData\Roaming\Code\User\workspaceStorage\840727110d61c81bbd5af45acf1c68f6\redhat.java\jdt_ws --pipe=\\.\pipe\lsp-83528ee56413a2f3102c8214d9b4eff9-sock
java_class_path (initial): c:\Users\1009120\.vscode\extensions\redhat.java-1.42.0-win32-x64\server\plugins\org.eclipse.equinox.launcher_1.7.0.v20250424-1814.jar
Launcher Type: SUN_STANDARD

[Global flags]
    uintx AdaptiveSizePolicyWeight                 = 90                                        {product} {command line}
     intx CICompilerCount                          = 3                                         {product} {ergonomic}
    uintx GCTimeRatio                              = 4                                         {product} {command line}
     bool HeapDumpOnOutOfMemoryError               = true                                   {manageable} {command line}
    ccstr HeapDumpPath                             = c:\Users\1009120\AppData\Roaming\Code\User\workspaceStorage\840727110d61c81bbd5af45acf1c68f6\redhat.java         {manageable} {command line}
   size_t InitialHeapSize                          = 104857600                                 {product} {command line}
   size_t MaxHeapSize                              = 1073741824                                {product} {command line}
   size_t MaxNewSize                               = 357564416                                 {product} {ergonomic}
   size_t MinHeapDeltaBytes                        = 524288                                    {product} {ergonomic}
   size_t MinHeapSize                              = 104857600                                 {product} {command line}
   size_t NewSize                                  = 34603008                                  {product} {ergonomic}
    uintx NonNMethodCodeHeapSize                   = 5832780                                {pd product} {ergonomic}
    uintx NonProfiledCodeHeapSize                  = 122912730                              {pd product} {ergonomic}
   size_t OldSize                                  = 70254592                                  {product} {ergonomic}
    uintx ProfiledCodeHeapSize                     = 122912730                              {pd product} {ergonomic}
    uintx ReservedCodeCacheSize                    = 251658240                              {pd product} {ergonomic}
     bool SegmentedCodeCache                       = true                                      {product} {ergonomic}
   size_t SoftMaxHeapSize                          = 1073741824                             {manageable} {ergonomic}
     bool UseCompressedOops                        = true                           {product lp64_product} {ergonomic}
     bool UseLargePagesIndividualAllocation        = false                                  {pd product} {ergonomic}
     bool UseParallelGC                            = true                                      {product} {command line}

Logging:
Log output configuration:
 #0: stdout all=off uptime,level,tags foldmultilines=false
 #1: stderr all=off uptime,level,tags foldmultilines=false

Environment Variables:
PATH=C:\Program Files\Eclipse Adoptium\jdk-21.0.7.6-hotspot\bin;C:\Program Files\Common Files\Oracle\Java\javapath;C:\WINDOWS\system32;C:\WINDOWS;C:\WINDOWS\System32\Wbem;C:\WINDOWS\System32\WindowsPowerShell\v1.0\;C:\WINDOWS\System32\OpenSSH\;C:\Program Files\TortoiseSVN\bin;C:\Program Files (x86)\WinMerge;C:\Program Files\dotnet\;C:\Program Files (x86)\mingw64\bin;C:\Program Files\Calibre2\;C:\Program Files\nodejs\;C:\Users\1009120\AppData\Local\Microsoft\WindowsApps;C:\Users\1009120\AppData\Local\Programs\Microsoft VS Code\bin;C:\Program Files (x86)\mingw64\bin;C:\Users\1009120\AppData\Roaming\npm;D:\teams_download\apache-maven-3.9.9-bin\apache-maven-3.9.9\bin;
USERNAME=1009120
OS=Windows_NT
PROCESSOR_IDENTIFIER=Intel64 Family 6 Model 158 Stepping 11, GenuineIntel
TMP=C:\Users\1009120\AppData\Local\Temp
TEMP=C:\Users\1009120\AppData\Local\Temp




Periodic native trim disabled

---------------  S Y S T E M  ---------------

OS:
 Windows 11 , 64 bit Build 26100 (10.0.26100.3912)
OS uptime: 9 days 15:39 hours
Hyper-V role detected

CPU: total 4 (initial active 4) (4 cores per cpu, 1 threads per core) family 6 model 158 stepping 11 microcode 0xde, cx8, cmov, fxsr, mmx, 3dnowpref, sse, sse2, sse3, ssse3, sse4.1, sse4.2, popcnt, lzcnt, tsc, tscinvbit, avx, avx2, aes, erms, clmul, bmi1, bmi2, adx, fma, vzeroupper, clflush, clflushopt, hv, rdtscp, f16c
Processor Information for the first 4 processors :
  Max Mhz: 3600, Current Mhz: 3600, Mhz Limit: 3600

Memory: 4k page, system-wide physical 16160M (1583M free)
TotalPageFile size 35122M (AvailPageFile size 3M)
current process WorkingSet (physical memory assigned to process): 141M, peak: 142M
current process commit charge ("private bytes"): 233M, peak: 233M

vm_info: OpenJDK 64-Bit Server VM (21.0.7+6-LTS) for windows-amd64 JRE (21.0.7+6-LTS), built on 2025-04-15T00:00:00Z by "admin" with MS VC++ 17.7 (VS2022)

END.
